This is LuaTeX, Version 1.07.0 (TeX Live 2018)  (format=lualatex 2018.7.29)  22 AUG 2019 14:52
 restricted system commands enabled.
**2019_09_02_summer_report.tex
(./2019_09_02_summer_report.tex
LaTeX2e <2018-04-01> patch level 2
Lua module: luaotfload-main 2017/01/29 2.80001 OpenType layout system.
Lua module: lualibs 2017-02-01 2.5 ConTeXt Lua standard libraries.
Lua module: lualibs-extended 2017-02-01 2.5 ConTeXt Lua libraries -- extended co
llection.(using write cache: /Users/mbk/Library/texlive/2018/texmf-var/luatex-ca
che/generic)(using read cache: /usr/local/texlive/2018/texmf-var/luatex-cache/ge
neric /Users/mbk/Library/texlive/2018/texmf-var/luatex-cache/generic)
luaotfload | conf : Root cache directory is /Users/mbk/Library/texlive/2018/texm
f-var/luatex-cache/generic/names.
luaotfload | init : Loading fontloader “fontloader-2017-02-11.lua” from kpse
-resolved path “/usr/local/texlive/2018/texmf-dist/tex/luatex/luaotfload/fontl
oader-2017-02-11.lua”.
Lua-only attribute luaotfload@state = 1
Lua-only attribute luaotfload@noligature = 2
Lua-only attribute luaotfload@syllabe = 3
luaotfload | init : Context OpenType loader version “3.027”
Inserting `luaotfload.node_processor' at position 1 in `pre_linebreak_filter'.
Inserting `luaotfload.node_processor' at position 1 in `hpack_filter'.
Inserting `luaotfload.define_font' at position 1 in `define_font'.
Lua-only attribute luaotfload_color_attribute = 4
luaotfload | conf : Root cache directory is /Users/mbk/Library/texlive/2018/texm
f-var/luatex-cache/generic/names.
Inserting `luaotfload.aux.set_sscale_dimens' at position 1 in `luaotfload.patch_
font'.
Inserting `luaotfload.aux.patch_cambria_domh' at position 2 in `luaotfload.patch
_font'.
Inserting `luaotfload.aux.fixup_fontdata' at position 1 in `luaotfload.patch_fon
t_unsafe'.
Inserting `luaotfload.aux.set_capheight' at position 3 in `luaotfload.patch_font
'.
Inserting `luaotfload.rewrite_fontname' at position 4 in `luaotfload.patch_font'
.
luaotfload | main : initialization completed in 0.192 seconds
Babel <3.18> and hyphenation patterns for 1 language(s) loaded.
(./Header.tex (/usr/local/texlive/2018/texmf-dist/tex/latex/beamer/beamer.cls
Document Class: beamer 2018/02/20 v3.50 A class for typesetting presentations
(/usr/local/texlive/2018/texmf-dist/tex/latex/beamer/beamerbasemodes.sty
(/usr/local/texlive/2018/texmf-dist/tex/latex/etoolbox/etoolbox.sty
Package: etoolbox 2018/02/11 v2.5e e-TeX tools for LaTeX (JAW)
\etb@tempcnta=\count80
)
\beamer@tempbox=\box26
\beamer@tempcount=\count81
\c@beamerpauses=\count82

(/usr/local/texlive/2018/texmf-dist/tex/latex/beamer/beamerbasedecode.sty
\beamer@slideinframe=\count83
\beamer@minimum=\count84
)
\beamer@commentbox=\box27
\beamer@modecount=\count85
)
(/usr/local/texlive/2018/texmf-dist/tex/generic/oberdiek/ifpdf.sty
Package: ifpdf 2017/03/15 v3.2 Provides the ifpdf switch
)
\headdp=\dimen102
\footheight=\dimen103
\sidebarheight=\dimen104
\beamer@tempdim=\dimen105
\beamer@finalheight=\dimen106
\beamer@animht=\dimen107
\beamer@animdp=\dimen108
\beamer@animwd=\dimen109
\beamer@leftmargin=\dimen110
\beamer@rightmargin=\dimen111
\beamer@leftsidebar=\dimen112
\beamer@rightsidebar=\dimen113
\beamer@boxsize=\dimen114
\beamer@vboxoffset=\dimen115
\beamer@descdefault=\dimen116
\beamer@descriptionwidth=\dimen117
\beamer@lastskip=\skip41
\beamer@areabox=\box28
\beamer@animcurrent=\box29
\beamer@animshowbox=\box30
\beamer@sectionbox=\box31
\beamer@logobox=\box32
\beamer@linebox=\box33
\beamer@sectioncount=\count86
\beamer@subsubsectionmax=\count87
\beamer@subsectionmax=\count88
\beamer@sectionmax=\count89
\beamer@totalheads=\count90
\beamer@headcounter=\count91
\beamer@partstartpage=\count92
\beamer@sectionstartpage=\count93
\beamer@subsectionstartpage=\count94
\beamer@animationtempa=\count95
\beamer@animationtempb=\count96
\beamer@xpos=\count97
\beamer@ypos=\count98
\beamer@ypos@offset=\count99
\beamer@showpartnumber=\count100
\beamer@currentsubsection=\count101
\beamer@coveringdepth=\count102
\beamer@sectionadjust=\count103
\beamer@tocsectionnumber=\count104

(/usr/local/texlive/2018/texmf-dist/tex/latex/beamer/beamerbaseoptions.sty
(/usr/local/texlive/2018/texmf-dist/tex/latex/graphics/keyval.sty
Package: keyval 2014/10/28 v1.15 key=value parser (DPC)
\KV@toks@=\toks14
))
\beamer@paperwidth=\skip42
\beamer@paperheight=\skip43

(/usr/local/texlive/2018/texmf-dist/tex/latex/geometry/geometry.sty
Package: geometry 2018/03/24 v5.7 Page Geometry

(/usr/local/texlive/2018/texmf-dist/tex/generic/oberdiek/ifvtex.sty
Package: ifvtex 2016/05/16 v1.6 Detect VTeX and its facilities (HO)
Package ifvtex Info: VTeX not detected.
)
(/usr/local/texlive/2018/texmf-dist/tex/generic/ifxetex/ifxetex.sty
Package: ifxetex 2010/09/12 v0.6 Provides ifxetex conditional
)
\Gm@cnth=\count105
\Gm@cntv=\count106
\c@Gm@tempcnt=\count107
\Gm@bindingoffset=\dimen118
\Gm@wd@mp=\dimen119
\Gm@odd@mp=\dimen120
\Gm@even@mp=\dimen121
\Gm@layoutwidth=\dimen122
\Gm@layoutheight=\dimen123
\Gm@layouthoffset=\dimen124
\Gm@layoutvoffset=\dimen125
\Gm@dimlist=\toks15
)
(/usr/local/texlive/2018/texmf-dist/tex/latex/extsizes/size9.clo
File: size9.clo 1999/11/11 v1.4a NON-Standard LaTeX file (size option)
luaotfload | db : Font names database loaded from /Users/mbk/Library/texlive/201
8/texmf-var/luatex-cache/generic/names/luaotfload-names.luc(load luc: /Users/mbk
/Library/texlive/2018/texmf-var/luatex-cache/generic/fonts/otl/lmroman9-regular.
luc))
(/usr/local/texlive/2018/texmf-dist/tex/latex/pgf/basiclayer/pgfcore.sty
(/usr/local/texlive/2018/texmf-dist/tex/latex/graphics/graphicx.sty
Package: graphicx 2017/06/01 v1.1a Enhanced LaTeX Graphics (DPC,SPQR)

(/usr/local/texlive/2018/texmf-dist/tex/latex/graphics/graphics.sty
Package: graphics 2017/06/25 v1.2c Standard LaTeX Graphics (DPC,SPQR)

(/usr/local/texlive/2018/texmf-dist/tex/latex/graphics/trig.sty
Package: trig 2016/01/03 v1.10 sin cos tan (DPC)
)
(/usr/local/texlive/2018/texmf-dist/tex/latex/graphics-cfg/graphics.cfg
File: graphics.cfg 2016/06/04 v1.11 sample graphics configuration
)
Package graphics Info: Driver file: luatex.def on input line 99.

(/usr/local/texlive/2018/texmf-dist/tex/latex/graphics-def/luatex.def
File: luatex.def 2018/01/08 v1.0l Graphics/color driver for luatex
))
\Gin@req@height=\dimen126
\Gin@req@width=\dimen127
)
(/usr/local/texlive/2018/texmf-dist/tex/latex/pgf/systemlayer/pgfsys.sty
(/usr/local/texlive/2018/texmf-dist/tex/latex/pgf/utilities/pgfrcs.sty
(/usr/local/texlive/2018/texmf-dist/tex/generic/pgf/utilities/pgfutil-common.te
x
\pgfutil@everybye=\toks16
\pgfutil@tempdima=\dimen128
\pgfutil@tempdimb=\dimen129

(/usr/local/texlive/2018/texmf-dist/tex/generic/pgf/utilities/pgfutil-common-li
sts.tex))
(/usr/local/texlive/2018/texmf-dist/tex/generic/pgf/utilities/pgfutil-latex.def
\pgfutil@abb=\box34
(/usr/local/texlive/2018/texmf-dist/tex/latex/ms/everyshi.sty
Package: everyshi 2001/05/15 v3.00 EveryShipout Package (MS)
))
(/usr/local/texlive/2018/texmf-dist/tex/generic/pgf/utilities/pgfrcs.code.tex
Package: pgfrcs 2015/08/07 v3.0.1a (rcs-revision 1.31)
))
(/usr/local/texlive/2018/texmf-dist/tex/generic/pgf/systemlayer/pgfsys.code.tex
Package: pgfsys 2014/07/09 v3.0.1a (rcs-revision 1.48)
(/usr/local/texlive/2018/texmf-dist/tex/generic/pgf/utilities/pgfkeys.code.tex
\pgfkeys@pathtoks=\toks17
\pgfkeys@temptoks=\toks18

(/usr/local/texlive/2018/texmf-dist/tex/generic/pgf/utilities/pgfkeysfiltered.c
ode.tex
\pgfkeys@tmptoks=\toks19
))
\pgf@x=\dimen130
\pgf@y=\dimen131
\pgf@xa=\dimen132
\pgf@ya=\dimen133
\pgf@xb=\dimen134
\pgf@yb=\dimen135
\pgf@xc=\dimen136
\pgf@yc=\dimen137
\w@pgf@writea=\write3
\r@pgf@reada=\read1
\c@pgf@counta=\count108
\c@pgf@countb=\count109
\c@pgf@countc=\count110
\c@pgf@countd=\count111
\t@pgf@toka=\toks20
\t@pgf@tokb=\toks21
\t@pgf@tokc=\toks22

(/usr/local/texlive/2018/texmf-dist/tex/generic/pgf/systemlayer/pgf.cfg
File: pgf.cfg 2008/05/14  (rcs-revision 1.7)
)
Driver file for pgf: pgfsys-luatex.def

(/usr/local/texlive/2018/texmf-dist/tex/generic/pgf/systemlayer/pgfsys-luatex.d
ef
File: pgfsys-luatex.def 2014/10/11  (rcs-revision 1.35)

(/usr/local/texlive/2018/texmf-dist/tex/generic/pgf/systemlayer/pgfsys-common-p
df.def
File: pgfsys-common-pdf.def 2013/10/10  (rcs-revision 1.13)
)))
(/usr/local/texlive/2018/texmf-dist/tex/generic/pgf/systemlayer/pgfsyssoftpath.
code.tex
File: pgfsyssoftpath.code.tex 2013/09/09  (rcs-revision 1.9)
\pgfsyssoftpath@smallbuffer@items=\count112
\pgfsyssoftpath@bigbuffer@items=\count113
)
(/usr/local/texlive/2018/texmf-dist/tex/generic/pgf/systemlayer/pgfsysprotocol.
code.tex
File: pgfsysprotocol.code.tex 2006/10/16  (rcs-revision 1.4)
)) (/usr/local/texlive/2018/texmf-dist/tex/latex/xcolor/xcolor.sty
Package: xcolor 2016/05/11 v2.12 LaTeX color extensions (UK)

(/usr/local/texlive/2018/texmf-dist/tex/latex/graphics-cfg/color.cfg
File: color.cfg 2016/01/02 v1.6 sample color configuration
)
Package xcolor Info: Driver file: luatex.def on input line 225.
Package xcolor Info: Model `cmy' substituted by `cmy0' on input line 1348.
Package xcolor Info: Model `hsb' substituted by `rgb' on input line 1352.
Package xcolor Info: Model `RGB' extended on input line 1364.
Package xcolor Info: Model `HTML' substituted by `rgb' on input line 1366.
Package xcolor Info: Model `Hsb' substituted by `hsb' on input line 1367.
Package xcolor Info: Model `tHsb' substituted by `hsb' on input line 1368.
Package xcolor Info: Model `HSB' substituted by `hsb' on input line 1369.
Package xcolor Info: Model `Gray' substituted by `gray' on input line 1370.
Package xcolor Info: Model `wave' substituted by `hsb' on input line 1371.

(/usr/local/texlive/2018/texmf-dist/tex/latex/graphics/dvipsnam.def
File: dvipsnam.def 2016/06/17 v3.0m Driver-dependent file (DPC,SPQR)
))
(/usr/local/texlive/2018/texmf-dist/tex/generic/pgf/basiclayer/pgfcore.code.tex
Package: pgfcore 2010/04/11 v3.0.1a (rcs-revision 1.7)
(/usr/local/texlive/2018/texmf-dist/tex/generic/pgf/math/pgfmath.code.tex
(/usr/local/texlive/2018/texmf-dist/tex/generic/pgf/math/pgfmathcalc.code.tex
(/usr/local/texlive/2018/texmf-dist/tex/generic/pgf/math/pgfmathutil.code.tex)
(/usr/local/texlive/2018/texmf-dist/tex/generic/pgf/math/pgfmathparser.code.tex
\pgfmath@dimen=\dimen138
\pgfmath@count=\count114
\pgfmath@box=\box35
\pgfmath@toks=\toks23
\pgfmath@stack@operand=\toks24
\pgfmath@stack@operation=\toks25
)
(/usr/local/texlive/2018/texmf-dist/tex/generic/pgf/math/pgfmathfunctions.code.
tex
(/usr/local/texlive/2018/texmf-dist/tex/generic/pgf/math/pgfmathfunctions.basic
.code.tex)
(/usr/local/texlive/2018/texmf-dist/tex/generic/pgf/math/pgfmathfunctions.trigo
nometric.code.tex)
(/usr/local/texlive/2018/texmf-dist/tex/generic/pgf/math/pgfmathfunctions.rando
m.code.tex)
(/usr/local/texlive/2018/texmf-dist/tex/generic/pgf/math/pgfmathfunctions.compa
rison.code.tex)
(/usr/local/texlive/2018/texmf-dist/tex/generic/pgf/math/pgfmathfunctions.base.
code.tex)
(/usr/local/texlive/2018/texmf-dist/tex/generic/pgf/math/pgfmathfunctions.round
.code.tex)
(/usr/local/texlive/2018/texmf-dist/tex/generic/pgf/math/pgfmathfunctions.misc.
code.tex)
(/usr/local/texlive/2018/texmf-dist/tex/generic/pgf/math/pgfmathfunctions.integ
erarithmetics.code.tex)))
(/usr/local/texlive/2018/texmf-dist/tex/generic/pgf/math/pgfmathfloat.code.tex
\c@pgfmathroundto@lastzeros=\count115
))
(/usr/local/texlive/2018/texmf-dist/tex/generic/pgf/basiclayer/pgfcorepoints.co
de.tex
File: pgfcorepoints.code.tex 2013/10/07  (rcs-revision 1.27)
\pgf@picminx=\dimen139
\pgf@picmaxx=\dimen140
\pgf@picminy=\dimen141
\pgf@picmaxy=\dimen142
\pgf@pathminx=\dimen143
\pgf@pathmaxx=\dimen144
\pgf@pathminy=\dimen145
\pgf@pathmaxy=\dimen146
\pgf@xx=\dimen147
\pgf@xy=\dimen148
\pgf@yx=\dimen149
\pgf@yy=\dimen150
\pgf@zx=\dimen151
\pgf@zy=\dimen152
)
(/usr/local/texlive/2018/texmf-dist/tex/generic/pgf/basiclayer/pgfcorepathconst
ruct.code.tex
File: pgfcorepathconstruct.code.tex 2013/10/07  (rcs-revision 1.29)
\pgf@path@lastx=\dimen153
\pgf@path@lasty=\dimen154
)
(/usr/local/texlive/2018/texmf-dist/tex/generic/pgf/basiclayer/pgfcorepathusage
.code.tex
File: pgfcorepathusage.code.tex 2014/11/02  (rcs-revision 1.24)
\pgf@shorten@end@additional=\dimen155
\pgf@shorten@start@additional=\dimen156
)
(/usr/local/texlive/2018/texmf-dist/tex/generic/pgf/basiclayer/pgfcorescopes.co
de.tex
File: pgfcorescopes.code.tex 2015/05/08  (rcs-revision 1.46)
\pgfpic=\box36
\pgf@hbox=\box37
\pgf@layerbox@main=\box38
\pgf@picture@serial@count=\count116
)
(/usr/local/texlive/2018/texmf-dist/tex/generic/pgf/basiclayer/pgfcoregraphicst
ate.code.tex
File: pgfcoregraphicstate.code.tex 2014/11/02  (rcs-revision 1.12)
\pgflinewidth=\dimen157
)
(/usr/local/texlive/2018/texmf-dist/tex/generic/pgf/basiclayer/pgfcoretransform
ations.code.tex
File: pgfcoretransformations.code.tex 2015/08/07  (rcs-revision 1.20)
\pgf@pt@x=\dimen158
\pgf@pt@y=\dimen159
\pgf@pt@temp=\dimen160
)
(/usr/local/texlive/2018/texmf-dist/tex/generic/pgf/basiclayer/pgfcorequick.cod
e.tex
File: pgfcorequick.code.tex 2008/10/09  (rcs-revision 1.3)
)
(/usr/local/texlive/2018/texmf-dist/tex/generic/pgf/basiclayer/pgfcoreobjects.c
ode.tex
File: pgfcoreobjects.code.tex 2006/10/11  (rcs-revision 1.2)
)
(/usr/local/texlive/2018/texmf-dist/tex/generic/pgf/basiclayer/pgfcorepathproce
ssing.code.tex
File: pgfcorepathprocessing.code.tex 2013/09/09  (rcs-revision 1.9)
)
(/usr/local/texlive/2018/texmf-dist/tex/generic/pgf/basiclayer/pgfcorearrows.co
de.tex
File: pgfcorearrows.code.tex 2015/05/14  (rcs-revision 1.43)
\pgfarrowsep=\dimen161
)
(/usr/local/texlive/2018/texmf-dist/tex/generic/pgf/basiclayer/pgfcoreshade.cod
e.tex
File: pgfcoreshade.code.tex 2013/07/15  (rcs-revision 1.15)
\pgf@max=\dimen162
\pgf@sys@shading@range@num=\count117
)
(/usr/local/texlive/2018/texmf-dist/tex/generic/pgf/basiclayer/pgfcoreimage.cod
e.tex
File: pgfcoreimage.code.tex 2013/07/15  (rcs-revision 1.18)

(/usr/local/texlive/2018/texmf-dist/tex/generic/pgf/basiclayer/pgfcoreexternal.
code.tex
File: pgfcoreexternal.code.tex 2014/07/09  (rcs-revision 1.21)
\pgfexternal@startupbox=\box39
))
(/usr/local/texlive/2018/texmf-dist/tex/generic/pgf/basiclayer/pgfcorelayers.co
de.tex
File: pgfcorelayers.code.tex 2013/07/18  (rcs-revision 1.7)
)
(/usr/local/texlive/2018/texmf-dist/tex/generic/pgf/basiclayer/pgfcoretranspare
ncy.code.tex
File: pgfcoretransparency.code.tex 2013/09/30  (rcs-revision 1.5)
)
(/usr/local/texlive/2018/texmf-dist/tex/generic/pgf/basiclayer/pgfcorepatterns.
code.tex
File: pgfcorepatterns.code.tex 2013/11/07  (rcs-revision 1.5)
)))
(/usr/local/texlive/2018/texmf-dist/tex/latex/pgf/utilities/xxcolor.sty
Package: xxcolor 2003/10/24 ver 0.1
\XC@nummixins=\count118
\XC@countmixins=\count119
)
(/usr/local/texlive/2018/texmf-dist/tex/generic/oberdiek/atbegshi.sty
Package: atbegshi 2016/06/09 v1.18 At begin shipout hook (HO)

(/usr/local/texlive/2018/texmf-dist/tex/generic/oberdiek/infwarerr.sty
Package: infwarerr 2016/05/16 v1.4 Providing info/warning/error messages (HO)
)
(/usr/local/texlive/2018/texmf-dist/tex/generic/oberdiek/ltxcmds.sty
Package: ltxcmds 2016/05/16 v1.23 LaTeX kernel commands for general use (HO)
))
(/usr/local/texlive/2018/texmf-dist/tex/latex/hyperref/hyperref.sty
Package: hyperref 2018/02/06 v6.86b Hypertext links for LaTeX

(/usr/local/texlive/2018/texmf-dist/tex/generic/oberdiek/hobsub-hyperref.sty
Package: hobsub-hyperref 2016/05/16 v1.14 Bundle oberdiek, subset hyperref (HO)

(/usr/local/texlive/2018/texmf-dist/tex/generic/oberdiek/hobsub-generic.sty
Package: hobsub-generic 2016/05/16 v1.14 Bundle oberdiek, subset generic (HO)
Package: hobsub 2016/05/16 v1.14 Construct package bundles (HO)
Package hobsub Info: Skipping package `infwarerr' (already loaded).
Package hobsub Info: Skipping package `ltxcmds' (already loaded).
Package: ifluatex 2016/05/16 v1.4 Provides the ifluatex switch (HO)
Package ifluatex Info: LuaTeX detected.
Package hobsub Info: Skipping package `ifvtex' (already loaded).
Package: intcalc 2016/05/16 v1.2 Expandable calculations with integers (HO)
Package hobsub Info: Skipping package `ifpdf' (already loaded).
Package: etexcmds 2016/05/16 v1.6 Avoid name clashes with e-TeX commands (HO)
Package: kvsetkeys 2016/05/16 v1.17 Key value parser (HO)
Package: kvdefinekeys 2016/05/16 v1.4 Define keys (HO)
Package: luatex-loader 2016/05/16 v0.6 Lua module loader (HO)

(/usr/local/texlive/2018/texmf-dist/scripts/oberdiek/oberdiek.luatex.lua)
Package: pdftexcmds 2018/01/30 v0.27 Utility functions of pdfTeX for LuaTeX (HO)

Package pdftexcmds Info: \pdf@primitive is available.
Package pdftexcmds Info: \pdf@ifprimitive is available.
Package pdftexcmds Info: \pdfdraftmode found.
\pdftexcmds@toks=\toks26
Package: pdfescape 2016/05/16 v1.14 Implements pdfTeX's escape features (HO)
Package: bigintcalc 2016/05/16 v1.4 Expandable calculations on big integers (HO)

Package: bitset 2016/05/16 v1.2 Handle bit-vector datatype (HO)
Package: uniquecounter 2016/05/16 v1.3 Provide unlimited unique counter (HO)
)
Package hobsub Info: Skipping package `hobsub' (already loaded).
Package: letltxmacro 2016/05/16 v1.5 Let assignment for LaTeX macros (HO)
Package: hopatch 2016/05/16 v1.3 Wrapper for package hooks (HO)
Package: xcolor-patch 2016/05/16 xcolor patch
Package: atveryend 2016/05/16 v1.9 Hooks at the very end of document (HO)
Package hobsub Info: Skipping package `atbegshi' (already loaded).
Package: refcount 2016/05/16 v3.5 Data extraction from label references (HO)
Package: hycolor 2016/05/16 v1.8 Color options for hyperref/bookmark (HO)
)
(/usr/local/texlive/2018/texmf-dist/tex/latex/oberdiek/auxhook.sty
Package: auxhook 2016/05/16 v1.4 Hooks for auxiliary files (HO)
)
(/usr/local/texlive/2018/texmf-dist/tex/latex/oberdiek/kvoptions.sty
Package: kvoptions 2016/05/16 v3.12 Key value format for package options (HO)
)
\@linkdim=\dimen163
\Hy@linkcounter=\count120
\Hy@pagecounter=\count121

(/usr/local/texlive/2018/texmf-dist/tex/latex/hyperref/pd1enc.def
File: pd1enc.def 2018/02/06 v6.86b Hyperref: PDFDocEncoding definition (HO)
)
\Hy@SavedSpaceFactor=\count122

(/usr/local/texlive/2018/texmf-dist/tex/latex/latexconfig/hyperref.cfg
File: hyperref.cfg 2002/06/06 v1.2 hyperref configuration of TeXLive
)
Package hyperref Info: Option `bookmarks' set `true' on input line 4383.
Package hyperref Info: Option `bookmarksopen' set `true' on input line 4383.
Package hyperref Info: Option `implicit' set `false' on input line 4383.
Package hyperref Info: Hyper figures OFF on input line 4509.
Package hyperref Info: Link nesting OFF on input line 4514.
Package hyperref Info: Hyper index ON on input line 4517.
Package hyperref Info: Plain pages OFF on input line 4524.
Package hyperref Info: Backreferencing OFF on input line 4529.
Package hyperref Info: Implicit mode OFF; no redefinition of LaTeX internals.
Package hyperref Info: Bookmarks ON on input line 4762.
\c@Hy@tempcnt=\count123

(/usr/local/texlive/2018/texmf-dist/tex/latex/url/url.sty
\Urlmuskip=\muskip10
Package: url 2013/09/16  ver 3.4  Verb mode for urls, etc.
)
LaTeX Info: Redefining \url on input line 5115.
\XeTeXLinkMargin=\dimen164
\Fld@menulength=\count124
\Field@Width=\dimen165
\Fld@charsize=\dimen166
Package hyperref Info: Hyper figures OFF on input line 6369.
Package hyperref Info: Link nesting OFF on input line 6374.
Package hyperref Info: Hyper index ON on input line 6377.
Package hyperref Info: backreferencing OFF on input line 6384.
Package hyperref Info: Link coloring OFF on input line 6389.
Package hyperref Info: Link coloring with OCG OFF on input line 6394.
Package hyperref Info: PDF/A mode OFF on input line 6399.
LaTeX Info: Redefining \ref on input line 6439.
LaTeX Info: Redefining \pageref on input line 6443.
\Hy@abspage=\count125


Package hyperref Message: Stopped early.

)
Package hyperref Info: Driver (autodetected): hluatex.
 (/usr/local/texlive/2018/texmf-dist/tex/latex/hyperref/hluatex.def
File: hluatex.def 2018/02/06 v6.86b Hyperref driver for luaTeX
\Fld@listcount=\count126
\c@bookmark@seq@number=\count127

(/usr/local/texlive/2018/texmf-dist/tex/latex/oberdiek/rerunfilecheck.sty
Package: rerunfilecheck 2016/05/16 v1.8 Rerun checks for auxiliary files (HO)
Package uniquecounter Info: New unique counter `rerunfilecheck' on input line 28
2.
))
(/usr/local/texlive/2018/texmf-dist/tex/latex/beamer/beamerbaserequires.sty
(/usr/local/texlive/2018/texmf-dist/tex/latex/beamer/beamerbasecompatibility.st
y) (/usr/local/texlive/2018/texmf-dist/tex/latex/beamer/beamerbasefont.sty
(/usr/local/texlive/2018/texmf-dist/tex/latex/amsfonts/amssymb.sty
Package: amssymb 2013/01/14 v3.01 AMS font symbols

(/usr/local/texlive/2018/texmf-dist/tex/latex/amsfonts/amsfonts.sty
Package: amsfonts 2013/01/14 v3.01 Basic AMSFonts support
\@emptytoks=\toks27
\symAMSa=\mathgroup4
\symAMSb=\mathgroup5
LaTeX Font Info:    Overwriting math alphabet `\mathfrak' in version `bold'
(Font)                  U/euf/m/n --> U/euf/b/n on input line 106.
))
(/usr/local/texlive/2018/texmf-dist/tex/latex/sansmathaccent/sansmathaccent.sty
Package: sansmathaccent 2013/03/28
(/usr/local/texlive/2018/texmf-dist/tex/latex/filehook/filehook.sty
Package: filehook 2011/10/12 v0.5d Hooks for input files
)))
(/usr/local/texlive/2018/texmf-dist/tex/latex/beamer/beamerbasetranslator.sty
(/usr/local/texlive/2018/texmf-dist/tex/latex/translator/translator.sty
Package: translator 2018/01/04 v1.12 Easy translation of strings in LaTeX
))
(/usr/local/texlive/2018/texmf-dist/tex/latex/beamer/beamerbasemisc.sty)
(/usr/local/texlive/2018/texmf-dist/tex/latex/beamer/beamerbasetwoscreens.sty)
(/usr/local/texlive/2018/texmf-dist/tex/latex/beamer/beamerbaseoverlay.sty
\beamer@argscount=\count128
\beamer@lastskipcover=\skip44
\beamer@trivlistdepth=\count129
)
(/usr/local/texlive/2018/texmf-dist/tex/latex/beamer/beamerbasetitle.sty)
(/usr/local/texlive/2018/texmf-dist/tex/latex/beamer/beamerbasesection.sty
\c@lecture=\count130
\c@part=\count131
\c@section=\count132
\c@subsection=\count133
\c@subsubsection=\count134
)
(/usr/local/texlive/2018/texmf-dist/tex/latex/beamer/beamerbaseframe.sty
\beamer@framebox=\box40
\beamer@frametitlebox=\box41
\beamer@zoombox=\box42
\beamer@zoomcount=\count135
\beamer@zoomframecount=\count136
\beamer@frametextheight=\dimen167
\c@subsectionslide=\count137
\beamer@frametopskip=\skip45
\beamer@framebottomskip=\skip46
\beamer@frametopskipautobreak=\skip47
\beamer@framebottomskipautobreak=\skip48
\beamer@envbody=\toks28
\framewidth=\dimen168
\c@framenumber=\count138
)
(/usr/local/texlive/2018/texmf-dist/tex/latex/beamer/beamerbaseverbatim.sty
\beamer@verbatimfileout=\write4
)
(/usr/local/texlive/2018/texmf-dist/tex/latex/beamer/beamerbaseframesize.sty
\beamer@splitbox=\box43
\beamer@autobreakcount=\count139
\beamer@autobreaklastheight=\dimen169
\beamer@frametitletoks=\toks29
\beamer@framesubtitletoks=\toks30
)
(/usr/local/texlive/2018/texmf-dist/tex/latex/beamer/beamerbaseframecomponents.
sty
\beamer@footins=\box44
) (/usr/local/texlive/2018/texmf-dist/tex/latex/beamer/beamerbasecolor.sty
\beamer@bg@ht=\dimen170
\beamer@bg@wd=\dimen171
\beamer@bg@dp=\dimen172
)
(/usr/local/texlive/2018/texmf-dist/tex/latex/beamer/beamerbasenotes.sty
\beamer@frameboxcopy=\box45
)
(/usr/local/texlive/2018/texmf-dist/tex/latex/beamer/beamerbasetoc.sty)
(/usr/local/texlive/2018/texmf-dist/tex/latex/beamer/beamerbasetemplates.sty
\beamer@sbttoks=\toks31

(/usr/local/texlive/2018/texmf-dist/tex/latex/beamer/beamerbaseauxtemplates.sty
(/usr/local/texlive/2018/texmf-dist/tex/latex/beamer/beamerbaseboxes.sty
\bmb@box=\box46
\bmb@colorbox=\box47
\bmb@boxshadow=\box48
\bmb@boxshadowball=\box49
\bmb@boxshadowballlarge=\box50
\bmb@temp=\dimen173
\bmb@dima=\dimen174
\bmb@dimb=\dimen175
\bmb@prevheight=\dimen176
)
\beamer@blockheadheight=\dimen177
))
(/usr/local/texlive/2018/texmf-dist/tex/latex/beamer/beamerbaselocalstructure.s
ty (/usr/local/texlive/2018/texmf-dist/tex/latex/tools/enumerate.sty
Package: enumerate 2015/07/23 v3.00 enumerate extensions (DPC)
\@enLab=\toks32
)
\c@figure=\count140
\c@table=\count141
\abovecaptionskip=\skip49
\belowcaptionskip=\skip50
)
(/usr/local/texlive/2018/texmf-dist/tex/latex/beamer/beamerbasenavigation.sty
\beamer@section@min@dim=\dimen178
)
(/usr/local/texlive/2018/texmf-dist/tex/latex/beamer/beamerbasetheorems.sty
(/usr/local/texlive/2018/texmf-dist/tex/latex/amsmath/amsmath.sty
Package: amsmath 2017/09/02 v2.17a AMS math features
\@mathmargin=\skip51

For additional information on amsmath, use the `?' option.
(/usr/local/texlive/2018/texmf-dist/tex/latex/amsmath/amstext.sty
Package: amstext 2000/06/29 v2.01 AMS text

(/usr/local/texlive/2018/texmf-dist/tex/latex/amsmath/amsgen.sty
File: amsgen.sty 1999/11/30 v2.0 generic functions
\@emptytoks=\toks33
\ex@=\dimen179
))
(/usr/local/texlive/2018/texmf-dist/tex/latex/amsmath/amsbsy.sty
Package: amsbsy 1999/11/29 v1.2d Bold Symbols
\pmbraise@=\dimen180
)
(/usr/local/texlive/2018/texmf-dist/tex/latex/amsmath/amsopn.sty
Package: amsopn 2016/03/08 v2.02 operator names
)
\inf@bad=\count142
LaTeX Info: Redefining \frac on input line 213.
\uproot@=\count143
\leftroot@=\count144
LaTeX Info: Redefining \overline on input line 375.
\classnum@=\count145
\DOTSCASE@=\count146
LaTeX Info: Redefining \ldots on input line 472.
LaTeX Info: Redefining \dots on input line 475.
LaTeX Info: Redefining \cdots on input line 596.
\Mathstrutbox@=\box51
\strutbox@=\box52
\big@size=\dimen181
LaTeX Font Info:    Redeclaring font encoding OML on input line 712.
LaTeX Font Info:    Redeclaring font encoding OMS on input line 713.
\macc@depth=\count147
\c@MaxMatrixCols=\count148
\dotsspace@=\muskip11
\c@parentequation=\count149
\dspbrk@lvl=\count150
\tag@help=\toks34
\row@=\count151
\column@=\count152
\maxfields@=\count153
\andhelp@=\toks35
\eqnshift@=\dimen182
\alignsep@=\dimen183
\tagshift@=\dimen184
\tagwidth@=\dimen185
\totwidth@=\dimen186
\lineht@=\dimen187
\@envbody=\toks36
\multlinegap=\skip52
\multlinetaggap=\skip53
\mathdisplay@stack=\toks37
LaTeX Info: Redefining \[ on input line 2817.
LaTeX Info: Redefining \] on input line 2818.
)
(/usr/local/texlive/2018/texmf-dist/tex/latex/amscls/amsthm.sty
Package: amsthm 2017/10/31 v2.20.4
\thm@style=\toks38
\thm@bodyfont=\toks39
\thm@headfont=\toks40
\thm@notefont=\toks41
\thm@headpunct=\toks42
\thm@preskip=\skip54
\thm@postskip=\skip55
\thm@headsep=\skip56
\dth@everypar=\toks43
)
\c@theorem=\count154
)
(/usr/local/texlive/2018/texmf-dist/tex/latex/beamer/beamerbasethemes.sty))(load
 luc: /Users/mbk/Library/texlive/2018/texmf-var/luatex-cache/generic/fonts/otl/l
msans9-regular.luc)
(/usr/local/texlive/2018/texmf-dist/tex/latex/beamer/beamerthemedefault.sty
(/usr/local/texlive/2018/texmf-dist/tex/latex/beamer/beamerfontthemedefault.sty
)
(/usr/local/texlive/2018/texmf-dist/tex/latex/beamer/beamercolorthemedefault.st
y)
(/usr/local/texlive/2018/texmf-dist/tex/latex/beamer/beamerinnerthemedefault.st
y
\beamer@dima=\dimen188
\beamer@dimb=\dimen189
)
(/usr/local/texlive/2018/texmf-dist/tex/latex/beamer/beamerouterthemedefault.st
y))) (/usr/local/texlive/2018/texmf-dist/tex/latex/blindtext/blindtext.sty
Package: blindtext 2012/01/06 V2.0 blindtext-Package

(/usr/local/texlive/2018/texmf-dist/tex/latex/tools/xspace.sty
Package: xspace 2014/10/28 v1.13 Space after command names (DPC,MH)
)
\c@blindtext=\count155
\c@Blindtext=\count156
\c@blind@countparstart=\count157
\blind@countxx=\count158
\blindtext@numBlindtext=\count159
\blind@countyy=\count160
\c@blindlist=\count161
\c@blindlistlevel=\count162
\c@blindlist@level=\count163
\blind@listitem=\count164
\c@blind@listcount=\count165
\c@blind@levelcount=\count166
\blind@mathformula=\count167
\blind@Mathformula=\count168
\c@blind@randomcount=\count169
\c@blind@randommax=\count170
\c@blind@pangramcount=\count171
\c@blind@pangrammax=\count172
)
(/usr/local/texlive/2018/texmf-dist/tex/latex/base/fontenc.sty
Package: fontenc 2017/04/05 v2.0i Standard LaTeX package

(/usr/local/texlive/2018/texmf-dist/tex/latex/base/t1enc.def
File: t1enc.def 2017/04/05 v2.0i Standard LaTeX file
LaTeX Font Info:    Redeclaring font encoding T1 on input line 48.
)
LaTeX Font Info:    Try loading font information for T1+lmss on input line 105.

(/usr/local/texlive/2018/texmf-dist/tex/latex/lm/t1lmss.fd
File: t1lmss.fd 2009/10/30 v1.6 Font defs for Latin Modern
))
(/usr/local/texlive/2018/texmf-dist/tex/generic/babel/babel.sty
Package: babel 2018/02/14 3.18 The Babel package

(/usr/local/texlive/2018/texmf-dist/tex/generic/babel/switch.def
File: switch.def 2018/02/14 3.18 Babel switching mechanism
)
(/usr/local/texlive/2018/texmf-dist/tex/generic/babel/luababel.def
\l@dumylang=\language2
Package babel Info: Non-standard hyphenation setup on input line 113.
\l@nohyphenation=\language3
\l@german-x-2018-03-31=\language4
\l@ngerman-x-2018-03-31=\language5
\l@afrikaans=\language6
\l@ancientgreek=\language7
\l@ibycus=\language8
\l@arabic=\language9
\l@armenian=\language10
\l@basque=\language11
\l@belarusian=\language12
\l@bulgarian=\language13
\l@catalan=\language14
\l@pinyin=\language15
\l@churchslavonic=\language16
\l@coptic=\language17
\l@croatian=\language18
\l@czech=\language19
\l@danish=\language20
\l@dutch=\language21
\l@ukenglish=\language22
\l@usenglishmax=\language23
\l@esperanto=\language24
\l@estonian=\language25
\l@ethiopic=\language26
\l@farsi=\language27
\l@finnish=\language28
\l@french=\language29
\l@friulan=\language30
\l@galician=\language31
\l@georgian=\language32
\l@german=\language33
\l@ngerman=\language34
\l@swissgerman=\language35
\l@monogreek=\language36
\l@greek=\language37
\l@hungarian=\language38
\l@icelandic=\language39
\l@assamese=\language40
\l@bengali=\language41
\l@gujarati=\language42
\l@hindi=\language43
\l@kannada=\language44
\l@malayalam=\language45
\l@marathi=\language46
\l@oriya=\language47
\l@panjabi=\language48
\l@tamil=\language49
\l@telugu=\language50
\l@indonesian=\language51
\l@interlingua=\language52
\l@irish=\language53
\l@italian=\language54
\l@kurmanji=\language55
\l@latin=\language56
\l@classiclatin=\language57
\l@liturgicallatin=\language58
\l@latvian=\language59
\l@lithuanian=\language60
\l@mongolian=\language61
\l@mongolianlmc=\language62
\l@bokmal=\language63
\l@nynorsk=\language64
\l@occitan=\language65
\l@piedmontese=\language66
\l@polish=\language67
\l@portuguese=\language68
\l@romanian=\language69
\l@romansh=\language70
\l@russian=\language71
\l@sanskrit=\language72
\l@serbian=\language73
\l@serbianc=\language74
\l@slovak=\language75
\l@slovenian=\language76
\l@spanish=\language77
\l@swedish=\language78
\l@thai=\language79
\l@turkish=\language80
\l@turkmen=\language81
\l@ukrainian=\language82
\l@uppersorbian=\language83
\l@welsh=\language84
)
(/usr/local/texlive/2018/texmf-dist/tex/generic/babel-english/english.ldf
Language: english 2017/06/06 v3.3r English support from the babel system

(/usr/local/texlive/2018/texmf-dist/tex/generic/babel/babel.def
File: babel.def 2018/02/14 3.18 Babel common definitions
\babel@savecnt=\count173
\U@D=\dimen190

(/usr/local/texlive/2018/texmf-dist/tex/generic/babel/luababel.def)
LaTeX Info: Redefining \textlatin on input line 1839.
)
\l@canadian = a dialect from \language\l@american 
\l@australian = a dialect from \language\l@british 
\l@newzealand = a dialect from \language\l@british 
))
(/usr/local/texlive/2018/texmf-dist/tex/latex/amsmath/amscd.sty
Package: amscd 2017/04/14 v2.1 AMS Commutative Diagrams
\athelp@=\toks44
\minaw@=\dimen191
\bigaw@=\dimen192
\minCDarrowwidth=\dimen193
)
(/usr/local/texlive/2018/texmf-dist/tex/latex/mathtools/mathtools.sty
Package: mathtools 2018/01/08 v1.21 mathematical typesetting tools

(/usr/local/texlive/2018/texmf-dist/tex/latex/tools/calc.sty
Package: calc 2017/05/25 v4.3 Infix arithmetic (KKT,FJ)
\calc@Acount=\count174
\calc@Bcount=\count175
\calc@Adimen=\dimen194
\calc@Bdimen=\dimen195
\calc@Askip=\skip57
\calc@Bskip=\skip58
LaTeX Info: Redefining \setlength on input line 80.
LaTeX Info: Redefining \addtolength on input line 81.
\calc@Ccount=\count176
\calc@Cskip=\skip59
)
(/usr/local/texlive/2018/texmf-dist/tex/latex/mathtools/mhsetup.sty
Package: mhsetup 2017/03/31 v1.3 programming setup (MH)
)
LaTeX Info: Thecontrolsequence`\('isalreadyrobust on input line 129.
LaTeX Info: Thecontrolsequence`\)'isalreadyrobust on input line 129.
LaTeX Info: Thecontrolsequence`\['isalreadyrobust on input line 129.
LaTeX Info: Thecontrolsequence`\]'isalreadyrobust on input line 129.
\g_MT_multlinerow_int=\count177
\l_MT_multwidth_dim=\dimen196
\origjot=\skip60
\l_MT_shortvdotswithinadjustabove_dim=\dimen197
\l_MT_shortvdotswithinadjustbelow_dim=\dimen198
\l_MT_above_intertext_sep=\dimen199
\l_MT_below_intertext_sep=\dimen256
\l_MT_above_shortintertext_sep=\dimen257
\l_MT_below_shortintertext_sep=\dimen258
)
(/usr/local/texlive/2018/texmf-dist/tex/latex/tools/array.sty
Package: array 2018/04/07 v2.4g Tabular extension package (FMi)
\col@sep=\dimen259
\ar@mcellbox=\box53
\extrarowheight=\dimen260
\NC@list=\toks45
\extratabsurround=\skip61
\backup@length=\skip62
\ar@cellbox=\box54
)
(/usr/local/texlive/2018/texmf-dist/tex/latex/blkarray/blkarray.sty
Package: blkarray 2015/02/27 v0.07 Block array (dpc)
\c@BAenumi=\count178
\BA@col=\count179
\BA@block@cnt=\count180
\BA@final@box=\box55
\BA@first@box=\box56
\BA@colsep=\dimen261
\BA@ftn=\toks46
\BAextrarowheight=\dimen262
\BAextraheightafterhline=\dimen263
\BAarrayrulewidth=\dimen264
\BAdoublerulesep=\dimen265
\BAfootskip=\dimen266
\BA@dashbox=\box57
\BA@ddashbox=\box58
)
(/usr/local/texlive/2018/texmf-dist/tex/latex/fancybox/fancybox.sty
Package: fancybox 2010/05/15 1.4

Style option: `fancybox' v1.4 <2010/05/15> (tvz)
\@fancybox=\box59
\shadowsize=\dimen267
\@Sbox=\box60
\do@VerbBox=\toks47
\the@fancyput=\toks48
\this@fancyput=\toks49
\EndVerbatimTokens=\toks50
\Verbatim@Outfile=\write5
\Verbatim@Infile=\read2
) (/usr/local/texlive/2018/texmf-dist/tex/latex/float/float.sty
Package: float 2001/11/08 v1.3d Float enhancements (AL)
\c@float@type=\count181
\float@exts=\toks51
\float@box=\box61
\@float@everytoks=\toks52
\@floatcapt=\box62
)
(/usr/local/texlive/2018/texmf-dist/tex/latex/footmisc/footmisc.sty
Package: footmisc 2011/06/06 v5.5b a miscellany of footnote facilities
\FN@temptoken=\toks53
\footnotemargin=\dimen268
\c@pp@next@reset=\count182
Package footmisc Info: Declaring symbol style bringhurst on input line 855.
Package footmisc Info: Declaring symbol style chicago on input line 863.
Package footmisc Info: Declaring symbol style wiley on input line 872.
Package footmisc Info: Declaring symbol style lamport-robust on input line 883.
Package footmisc Info: Declaring symbol style lamport* on input line 903.
Package footmisc Info: Declaring symbol style lamport*-robust on input line 924.

)
(/usr/local/texlive/2018/texmf-dist/tex/latex/listings/listings.sty
\lst@mode=\count183
\lst@gtempboxa=\box63
\lst@token=\toks54
\lst@length=\count184
\lst@currlwidth=\dimen269
\lst@column=\count185
\lst@pos=\count186
\lst@lostspace=\dimen270
\lst@width=\dimen271
\lst@newlines=\count187
\lst@lineno=\count188
\lst@maxwidth=\dimen272

(/usr/local/texlive/2018/texmf-dist/tex/latex/listings/lstmisc.sty
File: lstmisc.sty 2015/06/04 1.6 (Carsten Heinz)
\c@lstnumber=\count189
\lst@skipnumbers=\count190
\lst@framebox=\box64
)
(/usr/local/texlive/2018/texmf-dist/tex/latex/listings/listings.cfg
File: listings.cfg 2015/06/04 1.6 listings configuration
))
Package: listings 2015/06/04 1.6 (Carsten Heinz)

(/usr/local/texlive/2018/texmf-dist/tex/latex/lm/lmodern.sty
Package: lmodern 2009/10/30 v1.6 Latin Modern Fonts
LaTeX Font Info:    Overwriting symbol font `operators' in version `normal'
(Font)                  OT1/cmr/m/n --> OT1/lmr/m/n on input line 22.
LaTeX Font Info:    Overwriting symbol font `letters' in version `normal'
(Font)                  OML/cmm/m/it --> OML/lmm/m/it on input line 23.
LaTeX Font Info:    Overwriting symbol font `symbols' in version `normal'
(Font)                  OMS/cmsy/m/n --> OMS/lmsy/m/n on input line 24.
LaTeX Font Info:    Overwriting symbol font `largesymbols' in version `normal'
(Font)                  OMX/cmex/m/n --> OMX/lmex/m/n on input line 25.
LaTeX Font Info:    Overwriting symbol font `operators' in version `bold'
(Font)                  OT1/cmr/bx/n --> OT1/lmr/bx/n on input line 26.
LaTeX Font Info:    Overwriting symbol font `letters' in version `bold'
(Font)                  OML/cmm/b/it --> OML/lmm/b/it on input line 27.
LaTeX Font Info:    Overwriting symbol font `symbols' in version `bold'
(Font)                  OMS/cmsy/b/n --> OMS/lmsy/b/n on input line 28.
LaTeX Font Info:    Overwriting symbol font `largesymbols' in version `bold'
(Font)                  OMX/cmex/m/n --> OMX/lmex/m/n on input line 29.
LaTeX Font Info:    Overwriting math alphabet `\mathbf' in version `normal'
(Font)                  OT1/cmr/bx/n --> OT1/lmr/bx/n on input line 31.
LaTeX Font Info:    Overwriting math alphabet `\mathsf' in version `normal'
(Font)                  OT1/cmss/m/n --> OT1/lmss/m/n on input line 32.
LaTeX Font Info:    Overwriting math alphabet `\mathit' in version `normal'
(Font)                  OT1/cmr/m/it --> OT1/lmr/m/it on input line 33.
LaTeX Font Info:    Overwriting math alphabet `\mathtt' in version `normal'
(Font)                  OT1/cmtt/m/n --> OT1/lmtt/m/n on input line 34.
LaTeX Font Info:    Overwriting math alphabet `\mathbf' in version `bold'
(Font)                  OT1/cmr/bx/n --> OT1/lmr/bx/n on input line 35.
LaTeX Font Info:    Overwriting math alphabet `\mathsf' in version `bold'
(Font)                  OT1/cmss/bx/n --> OT1/lmss/bx/n on input line 36.
LaTeX Font Info:    Overwriting math alphabet `\mathit' in version `bold'
(Font)                  OT1/cmr/bx/it --> OT1/lmr/bx/it on input line 37.
LaTeX Font Info:    Overwriting math alphabet `\mathtt' in version `bold'
(Font)                  OT1/cmtt/m/n --> OT1/lmtt/m/n on input line 38.
)
(/usr/local/texlive/2018/texmf-dist/tex/latex/multirow/multirow.sty
Package: multirow 2016/11/25 v2.2 Span multiple rows of a table
\multirow@colwidth=\skip63
\multirow@cntb=\count191
\multirow@dima=\skip64
\bigstrutjot=\dimen273
)
(/usr/local/texlive/2018/texmf-dist/tex/latex/psnfss/pifont.sty
Package: pifont 2005/04/12 PSNFSS-v9.2a Pi font support (SPQR) 
LaTeX Font Info:    Try loading font information for U+pzd on input line 63.

(/usr/local/texlive/2018/texmf-dist/tex/latex/psnfss/upzd.fd
File: upzd.fd 2001/06/04 font definitions for U/pzd.
)
LaTeX Font Info:    Try loading font information for U+psy on input line 64.

(/usr/local/texlive/2018/texmf-dist/tex/latex/psnfss/upsy.fd
File: upsy.fd 2001/06/04 font definitions for U/psy.
))
(/usr/local/texlive/2018/texmf-dist/tex/latex/graphics/rotating.sty
Package: rotating 2016/08/11 v2.16d rotated objects in LaTeX

(/usr/local/texlive/2018/texmf-dist/tex/latex/base/ifthen.sty
Package: ifthen 2014/09/29 v1.1c Standard LaTeX ifthen package (DPC)
)
\c@r@tfl@t=\count192
\rotFPtop=\skip65
\rotFPbot=\skip66
\rot@float@box=\box65
\rot@mess@toks=\toks55
)
(/usr/local/texlive/2018/texmf-dist/tex/latex/subfigure/subfigure.sty
Package: subfigure 2002/03/15 v2.1.5 subfigure package
\subfigtopskip=\skip67
\subfigcapskip=\skip68
\subfigcaptopadj=\dimen274
\subfigbottomskip=\skip69
\subfigcapmargin=\dimen275
\subfiglabelskip=\skip70
\c@subfigure=\count193
\c@lofdepth=\count194
\c@subtable=\count195
\c@lotdepth=\count196

****************************************
* Local config file subfigure.cfg used *
****************************************
(/usr/local/texlive/2018/texmf-dist/tex/latex/subfigure/subfigure.cfg)
\subfig@top=\skip71
\subfig@bottom=\skip72
)
(/usr/local/texlive/2018/texmf-dist/tex/latex/tools/tabularx.sty
Package: tabularx 2016/02/03 v2.11b `tabularx' package (DPC)
\TX@col@width=\dimen276
\TX@old@table=\dimen277
\TX@old@col=\dimen278
\TX@target=\dimen279
\TX@delta=\dimen280
\TX@cols=\count197
\TX@ftn=\toks56
)
(/usr/local/texlive/2018/texmf-dist/tex/latex/tcolorbox/tcolorbox.sty
Package: tcolorbox 2018/03/22 version 4.13 text color boxes

(/usr/local/texlive/2018/texmf-dist/tex/latex/pgf/basiclayer/pgf.sty
Package: pgf 2015/08/07 v3.0.1a (rcs-revision 1.15)

(/usr/local/texlive/2018/texmf-dist/tex/generic/pgf/modules/pgfmoduleshapes.cod
e.tex
File: pgfmoduleshapes.code.tex 2014/03/21  (rcs-revision 1.35)
\pgfnodeparttextbox=\box66
)
(/usr/local/texlive/2018/texmf-dist/tex/generic/pgf/modules/pgfmoduleplot.code.
tex
File: pgfmoduleplot.code.tex 2015/08/03  (rcs-revision 1.13)
)
(/usr/local/texlive/2018/texmf-dist/tex/latex/pgf/compatibility/pgfcomp-version
-0-65.sty
Package: pgfcomp-version-0-65 2007/07/03 v3.0.1a (rcs-revision 1.7)
\pgf@nodesepstart=\dimen281
\pgf@nodesepend=\dimen282
)
(/usr/local/texlive/2018/texmf-dist/tex/latex/pgf/compatibility/pgfcomp-version
-1-18.sty
Package: pgfcomp-version-1-18 2007/07/23 v3.0.1a (rcs-revision 1.1)
)) (/usr/local/texlive/2018/texmf-dist/tex/latex/tools/verbatim.sty
Package: verbatim 2014/10/28 v1.5q LaTeX2e package for verbatim enhancements
\every@verbatim=\toks57
\verbatim@line=\toks58
\verbatim@in@stream=\read3
)
(/usr/local/texlive/2018/texmf-dist/tex/latex/environ/environ.sty
Package: environ 2014/05/04 v0.3 A new way to define environments

(/usr/local/texlive/2018/texmf-dist/tex/latex/trimspaces/trimspaces.sty
Package: trimspaces 2009/09/17 v1.1 Trim spaces around a token list
))
\tcb@titlebox=\box67
\tcb@upperbox=\box68
\tcb@lowerbox=\box69
\tcb@phantombox=\box70
\c@tcbbreakpart=\count198
\c@tcblayer=\count199
\tcolorbox@number=\count266
\tcb@temp=\box71
\tcb@temp=\box72
\tcb@temp=\box73
\tcb@temp=\box74
\tcb@out=\write6
\tcb@record@out=\write7
)
(/usr/local/texlive/2018/texmf-dist/tex/latex/textpos/textpos.sty
Package: textpos 2016/06/07 v1.8

Package: textpos 2016/06/07 1.8, absolute positioning of text on the page
\TP@textbox=\box75
\TPHorizModule=\dimen283
\TPVertModule=\dimen284
\TP@margin=\dimen285
\TP@absmargin=\dimen286
Grid set 16 x 16 = 22.7622pt x 17.07166pt
\TPboxrulesize=\dimen287
\TP@tbargs=\toks59
\TP@prevdepth=\dimen288
) (/usr/local/texlive/2018/texmf-dist/tex/latex/base/textcomp.sty
Package: textcomp 2017/04/05 v2.0i Standard LaTeX package
Package textcomp Info: Sub-encoding information:
(textcomp)               5 = only ISO-Adobe without \textcurrency
(textcomp)               4 = 5 + \texteuro
(textcomp)               3 = 4 + \textohm
(textcomp)               2 = 3 + \textestimated + \textcurrency
(textcomp)               1 = TS1 - \textcircled - \t
(textcomp)               0 = TS1 (full)
(textcomp)             Font families with sub-encoding setting implement
(textcomp)             only a restricted character set as indicated.
(textcomp)             Family '?' is the default used for unknown fonts.
(textcomp)             See the documentation for details.
Package textcomp Info: Setting ? sub-encoding to TS1/1 on input line 79.

(/usr/local/texlive/2018/texmf-dist/tex/latex/base/ts1enc.def
File: ts1enc.def 2001/06/05 v3.0e (jk/car/fm) Standard LaTeX file
)
LaTeX Info: Redefining \oldstylenums on input line 334.
Package textcomp Info: Setting cmr sub-encoding to TS1/0 on input line 349.
Package textcomp Info: Setting cmss sub-encoding to TS1/0 on input line 350.
Package textcomp Info: Setting cmtt sub-encoding to TS1/0 on input line 351.
Package textcomp Info: Setting cmvtt sub-encoding to TS1/0 on input line 352.
Package textcomp Info: Setting cmbr sub-encoding to TS1/0 on input line 353.
Package textcomp Info: Setting cmtl sub-encoding to TS1/0 on input line 354.
Package textcomp Info: Setting ccr sub-encoding to TS1/0 on input line 355.
Package textcomp Info: Setting ptm sub-encoding to TS1/4 on input line 356.
Package textcomp Info: Setting pcr sub-encoding to TS1/4 on input line 357.
Package textcomp Info: Setting phv sub-encoding to TS1/4 on input line 358.
Package textcomp Info: Setting ppl sub-encoding to TS1/3 on input line 359.
Package textcomp Info: Setting pag sub-encoding to TS1/4 on input line 360.
Package textcomp Info: Setting pbk sub-encoding to TS1/4 on input line 361.
Package textcomp Info: Setting pnc sub-encoding to TS1/4 on input line 362.
Package textcomp Info: Setting pzc sub-encoding to TS1/4 on input line 363.
Package textcomp Info: Setting bch sub-encoding to TS1/4 on input line 364.
Package textcomp Info: Setting put sub-encoding to TS1/5 on input line 365.
Package textcomp Info: Setting uag sub-encoding to TS1/5 on input line 366.
Package textcomp Info: Setting ugq sub-encoding to TS1/5 on input line 367.
Package textcomp Info: Setting ul8 sub-encoding to TS1/4 on input line 368.
Package textcomp Info: Setting ul9 sub-encoding to TS1/4 on input line 369.
Package textcomp Info: Setting augie sub-encoding to TS1/5 on input line 370.
Package textcomp Info: Setting dayrom sub-encoding to TS1/3 on input line 371.
Package textcomp Info: Setting dayroms sub-encoding to TS1/3 on input line 372.
Package textcomp Info: Setting pxr sub-encoding to TS1/0 on input line 373.
Package textcomp Info: Setting pxss sub-encoding to TS1/0 on input line 374.
Package textcomp Info: Setting pxtt sub-encoding to TS1/0 on input line 375.
Package textcomp Info: Setting txr sub-encoding to TS1/0 on input line 376.
Package textcomp Info: Setting txss sub-encoding to TS1/0 on input line 377.
Package textcomp Info: Setting txtt sub-encoding to TS1/0 on input line 378.
Package textcomp Info: Setting lmr sub-encoding to TS1/0 on input line 379.
Package textcomp Info: Setting lmdh sub-encoding to TS1/0 on input line 380.
Package textcomp Info: Setting lmss sub-encoding to TS1/0 on input line 381.
Package textcomp Info: Setting lmssq sub-encoding to TS1/0 on input line 382.
Package textcomp Info: Setting lmvtt sub-encoding to TS1/0 on input line 383.
Package textcomp Info: Setting lmtt sub-encoding to TS1/0 on input line 384.
Package textcomp Info: Setting qhv sub-encoding to TS1/0 on input line 385.
Package textcomp Info: Setting qag sub-encoding to TS1/0 on input line 386.
Package textcomp Info: Setting qbk sub-encoding to TS1/0 on input line 387.
Package textcomp Info: Setting qcr sub-encoding to TS1/0 on input line 388.
Package textcomp Info: Setting qcs sub-encoding to TS1/0 on input line 389.
Package textcomp Info: Setting qpl sub-encoding to TS1/0 on input line 390.
Package textcomp Info: Setting qtm sub-encoding to TS1/0 on input line 391.
Package textcomp Info: Setting qzc sub-encoding to TS1/0 on input line 392.
Package textcomp Info: Setting qhvc sub-encoding to TS1/0 on input line 393.
Package textcomp Info: Setting futs sub-encoding to TS1/4 on input line 394.
Package textcomp Info: Setting futx sub-encoding to TS1/4 on input line 395.
Package textcomp Info: Setting futj sub-encoding to TS1/4 on input line 396.
Package textcomp Info: Setting hlh sub-encoding to TS1/3 on input line 397.
Package textcomp Info: Setting hls sub-encoding to TS1/3 on input line 398.
Package textcomp Info: Setting hlst sub-encoding to TS1/3 on input line 399.
Package textcomp Info: Setting hlct sub-encoding to TS1/5 on input line 400.
Package textcomp Info: Setting hlx sub-encoding to TS1/5 on input line 401.
Package textcomp Info: Setting hlce sub-encoding to TS1/5 on input line 402.
Package textcomp Info: Setting hlcn sub-encoding to TS1/5 on input line 403.
Package textcomp Info: Setting hlcw sub-encoding to TS1/5 on input line 404.
Package textcomp Info: Setting hlcf sub-encoding to TS1/5 on input line 405.
Package textcomp Info: Setting pplx sub-encoding to TS1/3 on input line 406.
Package textcomp Info: Setting pplj sub-encoding to TS1/3 on input line 407.
Package textcomp Info: Setting ptmx sub-encoding to TS1/4 on input line 408.
Package textcomp Info: Setting ptmj sub-encoding to TS1/4 on input line 409.
)
(/usr/local/texlive/2018/texmf-dist/tex/latex/pgf/frontendlayer/tikz.sty
(/usr/local/texlive/2018/texmf-dist/tex/latex/pgf/utilities/pgffor.sty
(/usr/local/texlive/2018/texmf-dist/tex/latex/pgf/utilities/pgfkeys.sty
(/usr/local/texlive/2018/texmf-dist/tex/generic/pgf/utilities/pgfkeys.code.tex))
 (/usr/local/texlive/2018/texmf-dist/tex/latex/pgf/math/pgfmath.sty
(/usr/local/texlive/2018/texmf-dist/tex/generic/pgf/math/pgfmath.code.tex))
(/usr/local/texlive/2018/texmf-dist/tex/generic/pgf/utilities/pgffor.code.tex
Package: pgffor 2013/12/13 v3.0.1a (rcs-revision 1.25)

(/usr/local/texlive/2018/texmf-dist/tex/generic/pgf/math/pgfmath.code.tex)
\pgffor@iter=\dimen289
\pgffor@skip=\dimen290
\pgffor@stack=\toks60
\pgffor@toks=\toks61
))
(/usr/local/texlive/2018/texmf-dist/tex/generic/pgf/frontendlayer/tikz/tikz.cod
e.tex
Package: tikz 2015/08/07 v3.0.1a (rcs-revision 1.151)

(/usr/local/texlive/2018/texmf-dist/tex/generic/pgf/libraries/pgflibraryplothan
dlers.code.tex
File: pgflibraryplothandlers.code.tex 2013/08/31 v3.0.1a (rcs-revision 1.20)
\pgf@plot@mark@count=\count267
\pgfplotmarksize=\dimen291
)
\tikz@lastx=\dimen292
\tikz@lasty=\dimen293
\tikz@lastxsaved=\dimen294
\tikz@lastysaved=\dimen295
\tikzleveldistance=\dimen296
\tikzsiblingdistance=\dimen297
\tikz@figbox=\box76
\tikz@figbox@bg=\box77
\tikz@tempbox=\box78
\tikz@tempbox@bg=\box79
\tikztreelevel=\count268
\tikznumberofchildren=\count269
\tikznumberofcurrentchild=\count270
\tikz@fig@count=\count271

(/usr/local/texlive/2018/texmf-dist/tex/generic/pgf/modules/pgfmodulematrix.cod
e.tex
File: pgfmodulematrix.code.tex 2013/09/17  (rcs-revision 1.8)
\pgfmatrixcurrentrow=\count272
\pgfmatrixcurrentcolumn=\count273
\pgf@matrix@numberofcolumns=\count274
)
\tikz@expandcount=\count275

(/usr/local/texlive/2018/texmf-dist/tex/generic/pgf/frontendlayer/tikz/librarie
s/tikzlibrarytopaths.code.tex
File: tikzlibrarytopaths.code.tex 2008/06/17 v3.0.1a (rcs-revision 1.2)
)))
(/usr/local/texlive/2018/texmf-dist/tex/latex/was/upgreek.sty
Package: upgreek 2003/02/12 v2.0 (WaS)
Package upgreek Info: Using Euler Roman for upright Greek on input line 31.
\symugrf@m=\mathgroup6
LaTeX Font Info:    Overwriting symbol font `ugrf@m' in version `bold'
(Font)                  U/eur/m/n --> U/eur/b/n on input line 38.
)
(/usr/local/texlive/2018/texmf-dist/tex/latex/appendixnumberbeamer/appendixnumb
erbeamer.sty) (/usr/local/texlive/2018/texmf-dist/tex/latex/psnfss/courier.sty
Package: courier 2005/04/12 PSNFSS-v9.2a (WaS) 
) (/usr/local/texlive/2018/texmf-dist/tex/latex/caption/caption.sty
Package: caption 2016/02/21 v3.3-144 Customizing captions (AR)

(/usr/local/texlive/2018/texmf-dist/tex/latex/caption/caption3.sty
Package: caption3 2016/05/22 v1.7-166 caption3 kernel (AR)
Package caption3 Info: TeX engine: e-TeX on input line 67.
\captionmargin=\dimen298
\captionmargin@=\dimen299
\captionwidth=\dimen300
\caption@tempdima=\dimen301
\caption@indent=\dimen302
\caption@parindent=\dimen303
\caption@hangindent=\dimen304
)
\c@ContinuedFloat=\count276
Package caption Info: beamer document class.
Package caption Info: float package is loaded.
Package caption Info: hyperref package is loaded.
Package caption Info: Hyperref support is turned off
(caption)             because hyperref has stopped early.
Package caption Info: listings package is loaded.
Package caption Info: rotating package is loaded.
Package caption Info: subfigure package is loaded.
)
(/usr/local/texlive/2018/texmf-dist/tex/latex/relsize/relsize.sty
Package: relsize 2013/03/29 ver 4.1
)
Package hyperref Info: Option `colorlinks' set `true' on input line 54.
Package hyperref Info: Option `breaklinks' set `true' on input line 54.

(/usr/local/texlive/2018/texmf-dist/tex/latex/tikz-feynman/tikz-feynman.sty
Package: tikz-feynman 2016/02/05v1.1.0Feynman diagrams with TikZ

(/usr/local/texlive/2018/texmf-dist/tex/latex/pgfopts/pgfopts.sty
Package: pgfopts 2014/07/10 v2.1a LaTeX package options with pgfkeys
\pgfopts@list@add@a@toks=\toks62
\pgfopts@list@add@b@toks=\toks63
)
(/usr/local/texlive/2018/texmf-dist/tex/latex/tikz-feynman/tikzlibraryfeynman.c
ode.tex
(/usr/local/texlive/2018/texmf-dist/tex/generic/pgf/libraries/pgflibraryarrows.
meta.code.tex
File: pgflibraryarrows.meta.code.tex 2015/05/13 v3.0.1a (rcs-revision 1.13)
\pgfarrowinset=\dimen305
\pgfarrowlength=\dimen306
\pgfarrowwidth=\dimen307
\pgfarrowlinewidth=\dimen308
)
(/usr/local/texlive/2018/texmf-dist/tex/generic/pgf/frontendlayer/tikz/librarie
s/tikzlibrarycalc.code.tex
File: tikzlibrarycalc.code.tex 2013/07/15 v3.0.1a (rcs-revision 1.9)
)
(/usr/local/texlive/2018/texmf-dist/tex/generic/pgf/frontendlayer/tikz/librarie
s/tikzlibrarydecorations.code.tex
(/usr/local/texlive/2018/texmf-dist/tex/generic/pgf/modules/pgfmoduledecoration
s.code.tex
\pgfdecoratedcompleteddistance=\dimen309
\pgfdecoratedremainingdistance=\dimen310
\pgfdecoratedinputsegmentcompleteddistance=\dimen311
\pgfdecoratedinputsegmentremainingdistance=\dimen312
\pgf@decorate@distancetomove=\dimen313
\pgf@decorate@repeatstate=\count277
\pgfdecorationsegmentamplitude=\dimen314
\pgfdecorationsegmentlength=\dimen315
)
\tikz@lib@dec@box=\box80
)
(/usr/local/texlive/2018/texmf-dist/tex/generic/pgf/frontendlayer/tikz/librarie
s/tikzlibrarydecorations.markings.code.tex
(/usr/local/texlive/2018/texmf-dist/tex/generic/pgf/libraries/decorations/pgfli
brarydecorations.markings.code.tex))
(/usr/local/texlive/2018/texmf-dist/tex/generic/pgf/frontendlayer/tikz/librarie
s/tikzlibrarydecorations.pathmorphing.code.tex
(/usr/local/texlive/2018/texmf-dist/tex/generic/pgf/libraries/decorations/pgfli
brarydecorations.pathmorphing.code.tex))
(/usr/local/texlive/2018/texmf-dist/tex/generic/pgf/frontendlayer/tikz/librarie
s/tikzlibrarydecorations.pathreplacing.code.tex
(/usr/local/texlive/2018/texmf-dist/tex/generic/pgf/libraries/decorations/pgfli
brarydecorations.pathreplacing.code.tex))
(/usr/local/texlive/2018/texmf-dist/tex/generic/pgf/frontendlayer/tikz/librarie
s/graphs/tikzlibrarygraphs.code.tex
File: tikzlibrarygraphs.code.tex 2015/06/05 v3.0.1a (rcs-revision 1.44)
\tikz@lib@auto@number=\count278
\tikz@qnode@count=\count279
)
(/usr/local/texlive/2018/texmf-dist/tex/generic/pgf/frontendlayer/tikz/librarie
s/tikzlibrarypatterns.code.tex
File: tikzlibrarypatterns.code.tex 2008/01/15 v3.0.1a (rcs-revision 1.2)

(/usr/local/texlive/2018/texmf-dist/tex/generic/pgf/libraries/pgflibrarypattern
s.code.tex
File: pgflibrarypatterns.code.tex 2008/03/03 v3.0.1a (rcs-revision 1.13)
))
(/usr/local/texlive/2018/texmf-dist/tex/generic/pgf/frontendlayer/tikz/librarie
s/tikzlibrarypositioning.code.tex
File: tikzlibrarypositioning.code.tex 2008/10/06 v3.0.1a (rcs-revision 1.7)
)
(/usr/local/texlive/2018/texmf-dist/tex/generic/pgf/frontendlayer/tikz/librarie
s/tikzlibraryshapes.geometric.code.tex
File: tikzlibraryshapes.geometric.code.tex 2008/01/09 v3.0.1a (rcs-revision 1.1)


(/usr/local/texlive/2018/texmf-dist/tex/generic/pgf/libraries/shapes/pgflibrary
shapes.geometric.code.tex
File: pgflibraryshapes.geometric.code.tex 2008/06/26 v3.0.1a (rcs-revision 1.1)
))
(/usr/local/texlive/2018/texmf-dist/tex/generic/pgf/graphdrawing/tex/tikzlibrar
ygraphdrawing.code.tex
File: tikzlibrarygraphdrawing.code.tex 2013/08/05 v3.0.1a (rcs-revision 1.20)

(/usr/local/texlive/2018/texmf-dist/tex/generic/pgf/graphdrawing/tex/pgflibrary
graphdrawing.code.tex
File: pgflibrarygraphdrawing.code.tex 2015/06/08 v3.0.1a (rcs-revision 1.39)
\pgf@gd@parameter@stack@height=\count280
\pgf@gd@node@box=\box81
\pgf@gd@edge@box=\box82
\pgf@gd@prekind@box=\box83
\pgf@gd@postkind@box=\box84
))
(/usr/local/texlive/2018/texmf-dist/tex/latex/tikz-feynman/tikzfeynman.keys.cod
e.tex))) (/usr/local/texlive/2018/texmf-dist/tex/latex/contour/contour.sty
Package: contour 2004/11/18 v2.14 Print contoured text (HH, MH)
\con@length=\skip73

Loading configuration file `contour.cfg'.
(/usr/local/texlive/2018/texmf-dist/tex/latex/contour/contour.cfg
File: contour.cfg 2004/11/18 v2.14 Print contoured text (HH, MH)
)
contour: Using driver file `dvips.cnt'.
(/usr/local/texlive/2018/texmf-dist/tex/latex/contour/dvips.cnt
File: dvips.cnt 2004/11/18 v2.14 Print contoured text (HH, MH)
))
(/usr/local/texlive/2018/texmf-dist/tex/generic/pgf/frontendlayer/tikz/librarie
s/tikzlibraryarrows.code.tex
File: tikzlibraryarrows.code.tex 2008/01/09 v3.0.1a (rcs-revision 1.1)

(/usr/local/texlive/2018/texmf-dist/tex/generic/pgf/libraries/pgflibraryarrows.
code.tex
File: pgflibraryarrows.code.tex 2013/09/23 v3.0.1a (rcs-revision 1.16)
\arrowsize=\dimen316
))
(/usr/local/texlive/2018/texmf-dist/tex/generic/pgf/frontendlayer/tikz/librarie
s/tikzlibraryshapes.code.tex
File: tikzlibraryshapes.code.tex 2008/01/09 v3.0.1a (rcs-revision 1.1)

(/usr/local/texlive/2018/texmf-dist/tex/generic/pgf/frontendlayer/tikz/librarie
s/tikzlibraryshapes.misc.code.tex
File: tikzlibraryshapes.misc.code.tex 2008/01/09 v3.0.1a (rcs-revision 1.1)

(/usr/local/texlive/2018/texmf-dist/tex/generic/pgf/libraries/shapes/pgflibrary
shapes.misc.code.tex
File: pgflibraryshapes.misc.code.tex 2013/07/18 v3.0.1a (rcs-revision 1.5)
))
(/usr/local/texlive/2018/texmf-dist/tex/generic/pgf/frontendlayer/tikz/librarie
s/tikzlibraryshapes.symbols.code.tex
File: tikzlibraryshapes.symbols.code.tex 2008/01/09 v3.0.1a (rcs-revision 1.1)

(/usr/local/texlive/2018/texmf-dist/tex/generic/pgf/libraries/shapes/pgflibrary
shapes.symbols.code.tex
File: pgflibraryshapes.symbols.code.tex 2013/09/11 v3.0.1a (rcs-revision 1.6)
))
(/usr/local/texlive/2018/texmf-dist/tex/generic/pgf/frontendlayer/tikz/librarie
s/tikzlibraryshapes.arrows.code.tex
File: tikzlibraryshapes.arrows.code.tex 2008/01/09 v3.0.1a (rcs-revision 1.1)

(/usr/local/texlive/2018/texmf-dist/tex/generic/pgf/libraries/shapes/pgflibrary
shapes.arrows.code.tex
File: pgflibraryshapes.arrows.code.tex 2008/06/26 v3.0.1a (rcs-revision 1.1)
))
(/usr/local/texlive/2018/texmf-dist/tex/generic/pgf/frontendlayer/tikz/librarie
s/tikzlibraryshapes.callouts.code.tex
(/usr/local/texlive/2018/texmf-dist/tex/generic/pgf/libraries/shapes/pgflibrary
shapes.callouts.code.tex))
(/usr/local/texlive/2018/texmf-dist/tex/generic/pgf/frontendlayer/tikz/librarie
s/tikzlibraryshapes.multipart.code.tex
File: tikzlibraryshapes.multipart.code.tex 2008/01/09 v3.0.1a (rcs-revision 1.1)


(/usr/local/texlive/2018/texmf-dist/tex/generic/pgf/libraries/shapes/pgflibrary
shapes.multipart.code.tex
File: pgflibraryshapes.multipart.code.tex 2010/01/07 v3.0.1a (rcs-revision 1.2)
\pgfnodepartlowerbox=\box85
\pgfnodeparttwobox=\box86
\pgfnodepartthreebox=\box87
\pgfnodepartfourbox=\box88
\pgfnodeparttwentybox=\box89
\pgfnodepartnineteenbox=\box90
\pgfnodeparteighteenbox=\box91
\pgfnodepartseventeenbox=\box92
\pgfnodepartsixteenbox=\box93
\pgfnodepartfifteenbox=\box94
\pgfnodepartfourteenbox=\box95
\pgfnodepartthirteenbox=\box96
\pgfnodeparttwelvebox=\box97
\pgfnodepartelevenbox=\box98
\pgfnodeparttenbox=\box99
\pgfnodepartninebox=\box100
\pgfnodeparteightbox=\box101
\pgfnodepartsevenbox=\box102
\pgfnodepartsixbox=\box103
\pgfnodepartfivebox=\box104
)))
(/usr/local/texlive/2018/texmf-dist/tex/generic/pgf/frontendlayer/tikz/librarie
s/tikzlibraryplotmarks.code.tex
File: tikzlibraryplotmarks.code.tex 2008/01/09 v3.0.1a (rcs-revision 1.1)

(/usr/local/texlive/2018/texmf-dist/tex/generic/pgf/libraries/pgflibraryplotmar
ks.code.tex
File: pgflibraryplotmarks.code.tex 2015/08/03 v3.0.1a (rcs-revision 1.14)
))
(/usr/local/texlive/2018/texmf-dist/tex/generic/pgf/frontendlayer/tikz/librarie
s/tikzlibraryshadows.code.tex
File: tikzlibraryshadows.code.tex 2008/01/13 v3.0.1a (rcs-revision 1.3)

(/usr/local/texlive/2018/texmf-dist/tex/generic/pgf/frontendlayer/tikz/librarie
s/tikzlibraryfadings.code.tex
File: tikzlibraryfadings.code.tex 2009/11/15 v3.0.1a (rcs-revision 1.2)

(/usr/local/texlive/2018/texmf-dist/tex/generic/pgf/libraries/pgflibraryfadings
.code.tex
File: pgflibraryfadings.code.tex 2008/02/07 v3.0.1a (rcs-revision 1.3)
)))
(/usr/local/texlive/2018/texmf-dist/tex/latex/tcolorbox/tcbskins.code.tex
Library (tcolorbox): 'tcbskins.code.tex' version '4.13'
\tcb@waterbox=\box105

(/usr/local/texlive/2018/texmf-dist/tex/latex/tcolorbox/tcbskinsjigsaw.code.tex
Library (tcolorbox): 'tcbskinsjigsaw.code.tex' version '4.13'
)) (/usr/local/texlive/2018/texmf-dist/tex/generic/ulem/ulem.sty
\UL@box=\box106
\UL@hyphenbox=\box107
\UL@skip=\skip74
\UL@hook=\toks64
\UL@height=\dimen317
\UL@pe=\count281
\UL@pixel=\dimen318
\ULC@box=\box108
Package: ulem 2012/05/18
\ULdepth=\dimen319
)
(/usr/local/texlive/2018/texmf-dist/tex/latex/listings/lstlang1.sty
File: lstlang1.sty 2015/06/04 1.6 listings language file
)
(/usr/local/texlive/2018/texmf-dist/tex/latex/listings/lstlang1.sty
File: lstlang1.sty 2015/06/04 1.6 listings language file
)
(/usr/local/texlive/2018/texmf-dist/tex/latex/listings/lstlang1.sty
File: lstlang1.sty 2015/06/04 1.6 listings language file
)
(/usr/local/texlive/2018/texmf-dist/tex/latex/listings/lstmisc.sty
File: lstmisc.sty 2015/06/04 1.6 (Carsten Heinz)
)
\mybox=\box109

(/usr/local/texlive/2018/texmf-dist/tex/latex/beamer/beamerthemesplit.sty
(/usr/local/texlive/2018/texmf-dist/tex/latex/beamer/beamercolorthemewhale.sty) (/usr/local/texlive/2018/texmf-dist/tex/latex/beamer/beamerouterthemesplit.sty)
(/usr/local/texlive/2018/texmf-dist/tex/latex/beamer/beamerfontthemestructurebo
ld.sty))
(/usr/local/texlive/2018/texmf-dist/tex/latex/beamer/beamerfontthemeserif.sty)
(/usr/local/texlive/2018/texmf-dist/tex/latex/beamer/beamercolorthemestructure.
sty)
(/usr/local/texlive/2018/texmf-dist/tex/latex/beamer/beamerouterthemeinfolines.
sty)
\pgf@layerbox@shadow=\box110
\pgf@layerboxsaved@shadow=\box111
 (/usr/local/texlive/2018/texmf-dist/tex/latex/overpic/overpic.sty
Package: overpic 2017/10/06 1.0 picture overlays

(/usr/local/texlive/2018/texmf-dist/tex/latex/eepic/epic.sty
Enhancements to Picture Environment. Version 1.2 - Released June 1, 1986
\@@multicnt=\count282
\d@lta=\count283
\@delta=\dimen320
\@@delta=\dimen321
\@gridcnt=\count284
\@joinkind=\count285
\@dotgap=\dimen322
\@ddotgap=\dimen323
\@x@diff=\count286
\@y@diff=\count287
\x@diff=\dimen324
\y@diff=\dimen325
\@dotbox=\box112
\num@segments=\count288
\num@segmentsi=\count289
\@datafile=\read4
)) (/usr/local/texlive/2018/texmf-dist/tex/latex/makecell/makecell.sty
Package: makecell 2009/08/03 V0.1e Managing of Tab Column Heads and Cells
\rotheadsize=\dimen326
\c@nlinenum=\count290
\TeXr@lab=\toks65
))
(./2019_09_02_summer_report.aux)
\openout1 = 2019_09_02_summer_report.aux

LaTeX Font Info:    Checking defaults for OML/cmm/m/it on input line 14.
LaTeX Font Info:    ... okay on input line 14.
LaTeX Font Info:    Checking defaults for T1/cmr/m/n on input line 14.
LaTeX Font Info:    ... okay on input line 14.
LaTeX Font Info:    Checking defaults for OT1/cmr/m/n on input line 14.
LaTeX Font Info:    ... okay on input line 14.
LaTeX Font Info:    Checking defaults for OMS/cmsy/m/n on input line 14.
LaTeX Font Info:    ... okay on input line 14.
LaTeX Font Info:    Checking defaults for TU/lmr/m/n on input line 14.
LaTeX Font Info:    ... okay on input line 14.
LaTeX Font Info:    Checking defaults for OMX/cmex/m/n on input line 14.
LaTeX Font Info:    ... okay on input line 14.
LaTeX Font Info:    Checking defaults for U/cmr/m/n on input line 14.
LaTeX Font Info:    ... okay on input line 14.
LaTeX Font Info:    Checking defaults for PD1/pdf/m/n on input line 14.
LaTeX Font Info:    ... okay on input line 14.
LaTeX Font Info:    Checking defaults for TS1/cmr/m/n on input line 14.
LaTeX Font Info:    Try loading font information for TS1+cmr on input line 14.

(/usr/local/texlive/2018/texmf-dist/tex/latex/base/ts1cmr.fd
File: ts1cmr.fd 2014/09/29 v2.5h Standard LaTeX font definitions
)
LaTeX Font Info:    ... okay on input line 14.

*geometry* driver: auto-detecting
*geometry* detected driver: luatex
*geometry* verbose mode - [ preamble ] result:
* driver: luatex
* paper: custom
* layout: <same size as paper>
* layoutoffset:(h,v)=(0.0pt,0.0pt)
* modes: includehead includefoot 
* h-part:(L,W,R)=(9.24991pt, 345.69554pt, 9.24991pt)
* v-part:(T,H,B)=(0.0pt, 273.14662pt, 0.0pt)
* \paperwidth=364.19536pt
* \paperheight=273.14662pt
* \textwidth=345.69554pt
* \textheight=244.6939pt
* \oddsidemargin=-63.02008pt
* \evensidemargin=-63.02008pt
* \topmargin=-72.26999pt
* \headheight=14.22636pt
* \headsep=0.0pt
* \topskip=9.0pt
* \footskip=14.22636pt
* \marginparwidth=4.0pt
* \marginparsep=10.0pt
* \columnsep=10.0pt
* \skip\footins=8.0pt plus 4.0pt minus 2.0pt
* \hoffset=0.0pt
* \voffset=0.0pt
* \mag=1000
* \@twocolumnfalse
* \@twosidefalse
* \@mparswitchfalse
* \@reversemarginfalse
* (1in=72.27pt=25.4mm, 1cm=28.453pt)

(/usr/local/texlive/2018/texmf-dist/tex/context/base/mkii/supp-pdf.mkii
[Loading MPS to PDF converter (version 2006.09.02).]
\scratchcounter=\count291
\scratchdimen=\dimen327
\scratchbox=\box113
\nofMPsegments=\count292
\nofMParguments=\count293
\everyMPshowfont=\toks66
\MPscratchCnt=\count294
\MPscratchDim=\dimen328
\MPnumerator=\count295
\makeMPintoPDFobject=\count296
\everyMPtoPDFconversion=\toks67
) (/usr/local/texlive/2018/texmf-dist/tex/latex/oberdiek/epstopdf-base.sty
Package: epstopdf-base 2016/05/15 v2.6 Base part for package epstopdf

(/usr/local/texlive/2018/texmf-dist/tex/latex/oberdiek/grfext.sty
Package: grfext 2016/05/16 v1.2 Manage graphics extensions (HO)
)
Package epstopdf-base Info: Redefining graphics rule for `.eps' on input line 43
8.
Package grfext Info: Graphics extension search list:
(grfext)             [.pdf,.png,.jpg,.mps,.jpeg,.jbig2,.jb2,.PDF,.PNG,.JPG,.JPEG
,.JBIG2,.JB2,.eps]
(grfext)             \AppendGraphicsExtensions on input line 456.

(/usr/local/texlive/2018/texmf-dist/tex/latex/latexconfig/epstopdf-sys.cfg
File: epstopdf-sys.cfg 2010/07/13 v1.3 Configuration of (r)epstopdf for TeX Live

))
ABD: EveryShipout initializing macros
\AtBeginShipoutBox=\box114
Package hyperref Info: Link coloring ON on input line 14.

(/usr/local/texlive/2018/texmf-dist/tex/latex/hyperref/nameref.sty
Package: nameref 2016/05/21 v2.44 Cross-referencing by name of section

(/usr/local/texlive/2018/texmf-dist/tex/generic/oberdiek/gettitlestring.sty
Package: gettitlestring 2016/05/16 v1.5 Cleanup title references (HO)
)
\c@section@level=\count297
)
LaTeX Info: Redefining \ref on input line 14.
LaTeX Info: Redefining \pageref on input line 14.
LaTeX Info: Redefining \nameref on input line 14.

(./2019_09_02_summer_report.out) (./2019_09_02_summer_report.out)
\@outlinefile=\write8

\openout8 = 2019_09_02_summer_report.out

(/usr/local/texlive/2018/texmf-dist/tex/latex/translator/translator-basic-dicti
onary-English.dict
Dictionary: translator-basic-dictionary, Language: English 
)
(/usr/local/texlive/2018/texmf-dist/tex/latex/translator/translator-bibliograph
y-dictionary-English.dict
Dictionary: translator-bibliography-dictionary, Language: English 
)
(/usr/local/texlive/2018/texmf-dist/tex/latex/translator/translator-environment
-dictionary-English.dict
Dictionary: translator-environment-dictionary, Language: English 
)
(/usr/local/texlive/2018/texmf-dist/tex/latex/translator/translator-months-dict
ionary-English.dict
Dictionary: translator-months-dictionary, Language: English 
)
(/usr/local/texlive/2018/texmf-dist/tex/latex/translator/translator-numbers-dic
tionary-English.dict
Dictionary: translator-numbers-dictionary, Language: English 
)
(/usr/local/texlive/2018/texmf-dist/tex/latex/translator/translator-theorem-dic
tionary-English.dict
Dictionary: translator-theorem-dictionary, Language: English 
)
\c@lstlisting=\count298
Package caption Info: Begin \AtBeginDocument code.
Package caption Info: End \AtBeginDocument code.

! Undefined control sequence.
<argument> \@@magyar@captionfix 
                     
l.14 \begin{document}
                   
? 
(./2019_09_02_summer_report.nav)
LaTeX Font Info:    Try loading font information for OT1+lmr on input line 14.

(/usr/local/texlive/2018/texmf-dist/tex/latex/lm/ot1lmr.fd
File: ot1lmr.fd 2009/10/30 v1.6 Font defs for Latin Modern
)
LaTeX Font Info:    Try loading font information for OML+lmm on input line 14.

(/usr/local/texlive/2018/texmf-dist/tex/latex/lm/omllmm.fd
File: omllmm.fd 2009/10/30 v1.6 Font defs for Latin Modern
)
LaTeX Font Info:    Try loading font information for OMS+lmsy on input line 14.

(/usr/local/texlive/2018/texmf-dist/tex/latex/lm/omslmsy.fd
File: omslmsy.fd 2009/10/30 v1.6 Font defs for Latin Modern
)
LaTeX Font Info:    Try loading font information for OMX+lmex on input line 14.

(/usr/local/texlive/2018/texmf-dist/tex/latex/lm/omxlmex.fd
File: omxlmex.fd 2009/10/30 v1.6 Font defs for Latin Modern
)
LaTeX Font Info:    External font `lmex10' loaded for size
(Font)              <5> on input line 14.
LaTeX Font Info:    Try loading font information for U+msa on input line 14.

(/usr/local/texlive/2018/texmf-dist/tex/latex/amsfonts/umsa.fd
File: umsa.fd 2013/01/14 v3.01 AMS symbols A
)
LaTeX Font Info:    Try loading font information for U+msb on input line 14.

(/usr/local/texlive/2018/texmf-dist/tex/latex/amsfonts/umsb.fd
File: umsb.fd 2013/01/14 v3.01 AMS symbols B
)
Package keyval Info: size undefined on input line 19.
LaTeX Font Info:    External font `lmex10' loaded for size
(Font)              <9> on input line 19.
LaTeX Font Info:    External font `lmex10' loaded for size
(Font)              <6> on input line 19.
<../Logos/DESY-logo.jpg, id=38, 287.1528pt x 287.1528pt>
File: ../Logos/DESY-logo.jpg Graphic file (type jpg)
<use ../Logos/DESY-logo.jpg>
Package luatex.def Info: ../Logos/DESY-logo.jpg  used on input line 19.
(luatex.def)             Requested size: 19.91434pt x 19.91684pt.
<../Logos/LCC-logo.jpg, id=39, 289.08pt x 289.08pt>
File: ../Logos/LCC-logo.jpg Graphic file (type jpg)
<use ../Logos/LCC-logo.jpg>
Package luatex.def Info: ../Logos/LCC-logo.jpg  used on input line 19.
(luatex.def)             Requested size: 19.91565pt x 19.91684pt.
<../Logos/ILC-logo.jpg, id=40, 256.96pt x 167.62625pt>
File: ../Logos/ILC-logo.jpg Graphic file (type jpg)
<use ../Logos/ILC-logo.jpg>
Package luatex.def Info: ../Logos/ILC-logo.jpg  used on input line 19.
(luatex.def)             Requested size: 30.52803pt x 19.91684pt.
<../Logos/ildlogo_Zh-mumuh_sharper_whiteonblue.png, id=41, 552.1428pt x 353.1594
pt>
File: ../Logos/ildlogo_Zh-mumuh_sharper_whiteonblue.png Graphic file (type png)
<use ../Logos/ildlogo_Zh-mumuh_sharper_whiteonblue.png>
Package luatex.def Info: ../Logos/ildlogo_Zh-mumuh_sharper_whiteonblue.png  used
 on input line 19.
(luatex.def)             Requested size: 31.1304pt x 19.91684pt.
<../Logos/university-of-cambridge-logo.png, id=42, 6068.6725pt x 2051.665pt>
File: ../Logos/university-of-cambridge-logo.png Graphic file (type png)
<use ../Logos/university-of-cambridge-logo.png>
Package luatex.def Info: ../Logos/university-of-cambridge-logo.png  used on inpu
t line 19.
(luatex.def)             Requested size: 58.89383pt x 19.91684pt.
 [1

{/usr/local/texlive/2018/texmf-var/fonts/map/pdftex/updmap/pdftex.map}<../Logos/
DESY-logo.jpg><../Logos/LCC-logo.jpg><../Logos/ILC-logo.jpg><../Logos/ildlogo_Zh
-mumuh_sharper_whiteonblue.png><../Logos/university-of-cambridge-logo.png>]
LaTeX Font Info:    External font `lmex10' loaded for size
(Font)              <8> on input line 38.
 [2

] [3

]
</Users/mbk/Documents/LATEX/SummerStudentReportTemplate-master/Plots/high_stat/.
./plots/new/ROOT.pdf, id=71, 597.23125pt x 845.1575pt>
File: /Users/mbk/Documents/LATEX/SummerStudentReportTemplate-master/Plots/high_s
tat/../plots/new/ROOT.pdf Graphic file (type pdf)
<use /Users/mbk/Documents/LATEX/SummerStudentReportTemplate-master/Plots/high_st
at/../plots/new/ROOT.pdf>
Package luatex.def Info: /Users/mbk/Documents/LATEX/SummerStudentReportTemplate-
master/Plots/high_stat/../plots/new/ROOT.pdf  used on input line 66.
(luatex.def)             Requested size: 169.3927pt x 239.71175pt.

Overfull \vbox (10.40982pt too high) detected at line 66
 []

[4

</Users/mbk/Documents/LATEX/SummerStudentReportTemplate-master/Plots/high_stat/.
./plots/new/ROOT.pdf>]
Underfull \hbox (badness 1895) in paragraph at lines 184--184
\T1/lmss/m/n/9 c.f The un-con-ven-tional or-der-ing of the
 []


Underfull \hbox (badness 10000) in paragraph at lines 184--184
\T1/lmss/m/n/9 4-momenta is be-cause that is how
 []


(/Users/mbk/Documents/LATEX/SummerStudentReportTemplate-master/LaTeX/FeynmanDia
grams/SemileptonicWPairDecayZ.tex)
(/Users/mbk/Documents/LATEX/SummerStudentReportTemplate-master/LaTeX/FeynmanDia
grams/SemileptonicWPairDecayNu.tex)
Overfull \hbox (4.47763pt too wide) in paragraph at lines 184--184
 [] 
 []

[5

Missing character: There is no s (U+0073) in font nullfont!
] [6

] [7

]
</Users/mbk/Documents/LATEX/SummerStudentReportTemplate-master/Plots/high_stat/B
oost.pdf, id=121, 569.12625pt x 494.84875pt>
File: /Users/mbk/Documents/LATEX/SummerStudentReportTemplate-master/Plots/high_s
tat/Boost.pdf Graphic file (type pdf)
<use /Users/mbk/Documents/LATEX/SummerStudentReportTemplate-master/Plots/high_st
at/Boost.pdf>
Package luatex.def Info: /Users/mbk/Documents/LATEX/SummerStudentReportTemplate-
master/Plots/high_stat/Boost.pdf  used on input line 184.
(luatex.def)             Requested size: 169.3927pt x 147.2854pt.
 [8

</Users/mbk/Documents/LATEX/SummerStudentReportTemplate-master/Plots/high_stat/B
oost.pdf>]
</Users/mbk/Documents/LATEX/SummerStudentReportTemplate-master/Plots/high_stat/J
et.pdf, id=175, 569.12625pt x 494.84875pt>
File: /Users/mbk/Documents/LATEX/SummerStudentReportTemplate-master/Plots/high_s
tat/Jet.pdf Graphic file (type pdf)
<use /Users/mbk/Documents/LATEX/SummerStudentReportTemplate-master/Plots/high_st
at/Jet.pdf>
Package luatex.def Info: /Users/mbk/Documents/LATEX/SummerStudentReportTemplate-
master/Plots/high_stat/Jet.pdf  used on input line 184.
(luatex.def)             Requested size: 135.51466pt x 117.82983pt.
</Users/mbk/Documents/LATEX/SummerStudentReportTemplate-master/Plots/high_stat/L
ep.pdf, id=176, 569.12625pt x 494.84875pt>
File: /Users/mbk/Documents/LATEX/SummerStudentReportTemplate-master/Plots/high_s
tat/Lep.pdf Graphic file (type pdf)
<use /Users/mbk/Documents/LATEX/SummerStudentReportTemplate-master/Plots/high_st
at/Lep.pdf>
Package luatex.def Info: /Users/mbk/Documents/LATEX/SummerStudentReportTemplate-
master/Plots/high_stat/Lep.pdf  used on input line 184.
(luatex.def)             Requested size: 135.51466pt x 117.82983pt.

Underfull \hbox (badness 10000) in paragraph at lines 184--184
[][]
 []


Overfull \vbox (7.35774pt too high) detected at line 184
 []

[9

</Users/mbk/Documents/LATEX/SummerStudentReportTemplate-master/Plots/high_stat/J
et.pdf></Users/mbk/Documents/LATEX/SummerStudentReportTemplate-master/Plots/high
_stat/Lep.pdf>] [10

]
</Users/mbk/Documents/LATEX/SummerStudentReportTemplate-master/Plots/high_stat/M
ass.pdf, id=285, 569.12625pt x 494.84875pt>
File: /Users/mbk/Documents/LATEX/SummerStudentReportTemplate-master/Plots/high_s
tat/Mass.pdf Graphic file (type pdf)
<use /Users/mbk/Documents/LATEX/SummerStudentReportTemplate-master/Plots/high_st
at/Mass.pdf>
Package luatex.def Info: /Users/mbk/Documents/LATEX/SummerStudentReportTemplate-
master/Plots/high_stat/Mass.pdf  used on input line 184.
(luatex.def)             Requested size: 169.3927pt x 147.2854pt.
 [11

</Users/mbk/Documents/LATEX/SummerStudentReportTemplate-master/Plots/high_stat/M
ass.pdf>]
</Users/mbk/Documents/LATEX/SummerStudentReportTemplate-master/Plots/high_stat/P
hoton.pdf, id=340, 569.12625pt x 494.84875pt>
File: /Users/mbk/Documents/LATEX/SummerStudentReportTemplate-master/Plots/high_s
tat/Photon.pdf Graphic file (type pdf)
<use /Users/mbk/Documents/LATEX/SummerStudentReportTemplate-master/Plots/high_st
at/Photon.pdf>
Package luatex.def Info: /Users/mbk/Documents/LATEX/SummerStudentReportTemplate-
master/Plots/high_stat/Photon.pdf  used on input line 184.
(luatex.def)             Requested size: 155.56194pt x 135.25702pt.
</Users/mbk/Documents/LATEX/SummerStudentReportTemplate-master/Plots/high_stat/P
hoton_zoom.pdf, id=341, 569.12625pt x 494.84875pt>
File: /Users/mbk/Documents/LATEX/SummerStudentReportTemplate-master/Plots/high_s
tat/Photon_zoom.pdf Graphic file (type pdf)
<use /Users/mbk/Documents/LATEX/SummerStudentReportTemplate-master/Plots/high_st
at/Photon_zoom.pdf>
Package luatex.def Info: /Users/mbk/Documents/LATEX/SummerStudentReportTemplate-
master/Plots/high_stat/Photon_zoom.pdf  used on input line 184.
(luatex.def)             Requested size: 155.56194pt x 135.25702pt.
 [12

</Users/mbk/Documents/LATEX/SummerStudentReportTemplate-master/Plots/high_stat/P
hoton.pdf></Users/mbk/Documents/LATEX/SummerStudentReportTemplate-master/Plots/h
igh_stat/Photon_zoom.pdf>]
</Users/mbk/Documents/LATEX/SummerStudentReportTemplate-master/Plots/high_stat/M
ass3.pdf, id=442, 569.12625pt x 494.84875pt>
File: /Users/mbk/Documents/LATEX/SummerStudentReportTemplate-master/Plots/high_s
tat/Mass3.pdf Graphic file (type pdf)
<use /Users/mbk/Documents/LATEX/SummerStudentReportTemplate-master/Plots/high_st
at/Mass3.pdf>
Package luatex.def Info: /Users/mbk/Documents/LATEX/SummerStudentReportTemplate-
master/Plots/high_stat/Mass3.pdf  used on input line 184.
(luatex.def)             Requested size: 169.3927pt x 147.2854pt.
 [13

</Users/mbk/Documents/LATEX/SummerStudentReportTemplate-master/Plots/high_stat/M
ass3.pdf>]
</Users/mbk/Documents/LATEX/SummerStudentReportTemplate-master/Plots/high_stat/A
ngleDiag.pdf, id=496, 845.1575pt x 597.23125pt>
File: /Users/mbk/Documents/LATEX/SummerStudentReportTemplate-master/Plots/high_s
tat/AngleDiag.pdf Graphic file (type pdf)
<use /Users/mbk/Documents/LATEX/SummerStudentReportTemplate-master/Plots/high_st
at/AngleDiag.pdf>
Package luatex.def Info: /Users/mbk/Documents/LATEX/SummerStudentReportTemplate-
master/Plots/high_stat/AngleDiag.pdf  used on input line 206.
(luatex.def)             Requested size: 276.55748pt x 195.42834pt.
 [14

</Users/mbk/Documents/LATEX/SummerStudentReportTemplate-master/Plots/high_stat/A
ngleDiag.pdf>]
</Users/mbk/Documents/LATEX/SummerStudentReportTemplate-master/Plots/high_stat/T
hetaMin_cos.pdf, id=534, 569.12625pt x 537.00626pt>
File: /Users/mbk/Documents/LATEX/SummerStudentReportTemplate-master/Plots/high_s
tat/ThetaMin_cos.pdf Graphic file (type pdf)
<use /Users/mbk/Documents/LATEX/SummerStudentReportTemplate-master/Plots/high_st
at/ThetaMin_cos.pdf>
Package luatex.def Info: /Users/mbk/Documents/LATEX/SummerStudentReportTemplate-
master/Plots/high_stat/ThetaMin_cos.pdf  used on input line 206.
(luatex.def)             Requested size: 110.62509pt x 104.37573pt.
</Users/mbk/Documents/LATEX/SummerStudentReportTemplate-master/Plots/high_stat/T
hetaLep_cos.pdf, id=535, 569.12625pt x 556.0775pt>
File: /Users/mbk/Documents/LATEX/SummerStudentReportTemplate-master/Plots/high_s
tat/ThetaLep_cos.pdf Graphic file (type pdf)
<use /Users/mbk/Documents/LATEX/SummerStudentReportTemplate-master/Plots/high_st
at/ThetaLep_cos.pdf>
Package luatex.def Info: /Users/mbk/Documents/LATEX/SummerStudentReportTemplate-
master/Plots/high_stat/ThetaLep_cos.pdf  used on input line 206.
(luatex.def)             Requested size: 110.62509pt x 108.08253pt.
</Users/mbk/Documents/LATEX/SummerStudentReportTemplate-master/Plots/high_stat/P
hiLep.pdf, id=536, 569.12625pt x 537.00626pt>
File: /Users/mbk/Documents/LATEX/SummerStudentReportTemplate-master/Plots/high_s
tat/PhiLep.pdf Graphic file (type pdf)
<use /Users/mbk/Documents/LATEX/SummerStudentReportTemplate-master/Plots/high_st
at/PhiLep.pdf>
Package luatex.def Info: /Users/mbk/Documents/LATEX/SummerStudentReportTemplate-
master/Plots/high_stat/PhiLep.pdf  used on input line 206.
(luatex.def)             Requested size: 110.62509pt x 104.37573pt.
 [15

</Users/mbk/Documents/LATEX/SummerStudentReportTemplate-master/Plots/high_stat/T
hetaMin_cos.pdf></Users/mbk/Documents/LATEX/SummerStudentReportTemplate-master/P
lots/high_stat/ThetaLep_cos.pdf></Users/mbk/Documents/LATEX/SummerStudentReportT
emplate-master/Plots/high_stat/PhiLep.pdf>]
LaTeX Font Info:    External font `lmex10' loaded for size
(Font)              <7> on input line 279.
</Users/mbk/Documents/LATEX/SummerStudentReportTemplate-master/Plots/high_stat/H
istflow3.pdf, id=683, 569.12625pt x 552.0625pt>
File: /Users/mbk/Documents/LATEX/SummerStudentReportTemplate-master/Plots/high_s
tat/Histflow3.pdf Graphic file (type pdf)
<use /Users/mbk/Documents/LATEX/SummerStudentReportTemplate-master/Plots/high_st
at/Histflow3.pdf>
Package luatex.def Info: /Users/mbk/Documents/LATEX/SummerStudentReportTemplate-
master/Plots/high_stat/Histflow3.pdf  used on input line 279.
(luatex.def)             Requested size: 169.3927pt x 164.31433pt.

[16

</Users/mbk/Documents/LATEX/SummerStudentReportTemplate-master/Plots/high_stat/H
istflow3.pdf>] [17

]
</Users/mbk/Documents/LATEX/SummerStudentReportTemplate-master/Plots/high_stat/E
_ThetaMin_cos_err.pdf, id=746, 569.12625pt x 494.84875pt>
File: /Users/mbk/Documents/LATEX/SummerStudentReportTemplate-master/Plots/high_s
tat/E_ThetaMin_cos_err.pdf Graphic file (type pdf)
<use /Users/mbk/Documents/LATEX/SummerStudentReportTemplate-master/Plots/high_st
at/E_ThetaMin_cos_err.pdf>
Package luatex.def Info: /Users/mbk/Documents/LATEX/SummerStudentReportTemplate-
master/Plots/high_stat/E_ThetaMin_cos_err.pdf  used on input line 279.
(luatex.def)             Requested size: 110.62509pt x 96.18176pt.
File: /Users/mbk/Documents/LATEX/SummerStudentReportTemplate-master/Plots/high_s
tat/ThetaMin_cos.pdf Graphic file (type pdf)
<use /Users/mbk/Documents/LATEX/SummerStudentReportTemplate-master/Plots/high_st
at/ThetaMin_cos.pdf>
Package luatex.def Info: /Users/mbk/Documents/LATEX/SummerStudentReportTemplate-
master/Plots/high_stat/ThetaMin_cos.pdf  used on input line 279.
(luatex.def)             Requested size: 110.62509pt x 104.37573pt.
</Users/mbk/Documents/LATEX/SummerStudentReportTemplate-master/Plots/high_stat/E
_ThetaLep_cos_err.pdf, id=747, 569.12625pt x 494.84875pt>
File: /Users/mbk/Documents/LATEX/SummerStudentReportTemplate-master/Plots/high_s
tat/E_ThetaLep_cos_err.pdf Graphic file (type pdf)
<use /Users/mbk/Documents/LATEX/SummerStudentReportTemplate-master/Plots/high_st
at/E_ThetaLep_cos_err.pdf>
Package luatex.def Info: /Users/mbk/Documents/LATEX/SummerStudentReportTemplate-
master/Plots/high_stat/E_ThetaLep_cos_err.pdf  used on input line 279.
(luatex.def)             Requested size: 110.62509pt x 96.18176pt.
File: /Users/mbk/Documents/LATEX/SummerStudentReportTemplate-master/Plots/high_s
tat/ThetaLep_cos.pdf Graphic file (type pdf)
<use /Users/mbk/Documents/LATEX/SummerStudentReportTemplate-master/Plots/high_st
at/ThetaLep_cos.pdf>
Package luatex.def Info: /Users/mbk/Documents/LATEX/SummerStudentReportTemplate-
master/Plots/high_stat/ThetaLep_cos.pdf  used on input line 279.
(luatex.def)             Requested size: 110.62509pt x 108.08253pt.
</Users/mbk/Documents/LATEX/SummerStudentReportTemplate-master/Plots/high_stat/E
_PhiLep_Err.pdf, id=748, 569.12625pt x 494.84875pt>
File: /Users/mbk/Documents/LATEX/SummerStudentReportTemplate-master/Plots/high_s
tat/E_PhiLep_Err.pdf Graphic file (type pdf)
<use /Users/mbk/Documents/LATEX/SummerStudentReportTemplate-master/Plots/high_st
at/E_PhiLep_Err.pdf>
Package luatex.def Info: /Users/mbk/Documents/LATEX/SummerStudentReportTemplate-
master/Plots/high_stat/E_PhiLep_Err.pdf  used on input line 279.
(luatex.def)             Requested size: 110.62509pt x 96.18176pt.
File: /Users/mbk/Documents/LATEX/SummerStudentReportTemplate-master/Plots/high_s
tat/PhiLep.pdf Graphic file (type pdf)
<use /Users/mbk/Documents/LATEX/SummerStudentReportTemplate-master/Plots/high_st
at/PhiLep.pdf>
Package luatex.def Info: /Users/mbk/Documents/LATEX/SummerStudentReportTemplate-
master/Plots/high_stat/PhiLep.pdf  used on input line 279.
(luatex.def)             Requested size: 110.62509pt x 104.37573pt.

Overfull \vbox (0.11237pt too high) detected at line 279
 []

[18

</Users/mbk/Documents/LATEX/SummerStudentReportTemplate-master/Plots/high_stat/E
_ThetaMin_cos_err.pdf></Users/mbk/Documents/LATEX/SummerStudentReportTemplate-ma
ster/Plots/high_stat/E_ThetaLep_cos_err.pdf></Users/mbk/Documents/LATEX/SummerSt
udentReportTemplate-master/Plots/high_stat/E_PhiLep_Err.pdf>] [19

]
[20

]
</Users/mbk/Documents/LATEX/SummerStudentReportTemplate-master/Plots/high_stat/.
./low_stat/Boost.pdf, id=909, 569.12625pt x 442.65375pt>
File: /Users/mbk/Documents/LATEX/SummerStudentReportTemplate-master/Plots/high_s
tat/../low_stat/Boost.pdf Graphic file (type pdf)
<use /Users/mbk/Documents/LATEX/SummerStudentReportTemplate-master/Plots/high_st
at/../low_stat/Boost.pdf>
Package luatex.def Info: /Users/mbk/Documents/LATEX/SummerStudentReportTemplate-
master/Plots/high_stat/../low_stat/Boost.pdf  used on input line 316.
(luatex.def)             Requested size: 135.51466pt x 105.40152pt.
</Users/mbk/Documents/LATEX/SummerStudentReportTemplate-master/Plots/high_stat/.
./low_stat/Mass.pdf, id=910, 569.12625pt x 442.65375pt>
File: /Users/mbk/Documents/LATEX/SummerStudentReportTemplate-master/Plots/high_s
tat/../low_stat/Mass.pdf Graphic file (type pdf)
<use /Users/mbk/Documents/LATEX/SummerStudentReportTemplate-master/Plots/high_st
at/../low_stat/Mass.pdf>
Package luatex.def Info: /Users/mbk/Documents/LATEX/SummerStudentReportTemplate-
master/Plots/high_stat/../low_stat/Mass.pdf  used on input line 316.
(luatex.def)             Requested size: 135.51466pt x 105.40152pt.
</Users/mbk/Documents/LATEX/SummerStudentReportTemplate-master/Plots/high_stat/.
./low_stat/Jet.pdf, id=911, 569.12625pt x 442.65375pt>
File: /Users/mbk/Documents/LATEX/SummerStudentReportTemplate-master/Plots/high_s
tat/../low_stat/Jet.pdf Graphic file (type pdf)
<use /Users/mbk/Documents/LATEX/SummerStudentReportTemplate-master/Plots/high_st
at/../low_stat/Jet.pdf>
Package luatex.def Info: /Users/mbk/Documents/LATEX/SummerStudentReportTemplate-
master/Plots/high_stat/../low_stat/Jet.pdf  used on input line 316.
(luatex.def)             Requested size: 135.51466pt x 105.40152pt.
</Users/mbk/Documents/LATEX/SummerStudentReportTemplate-master/Plots/high_stat/.
./low_stat/Lep.pdf, id=912, 569.12625pt x 442.65375pt>
File: /Users/mbk/Documents/LATEX/SummerStudentReportTemplate-master/Plots/high_s
tat/../low_stat/Lep.pdf Graphic file (type pdf)
<use /Users/mbk/Documents/LATEX/SummerStudentReportTemplate-master/Plots/high_st
at/../low_stat/Lep.pdf>
Package luatex.def Info: /Users/mbk/Documents/LATEX/SummerStudentReportTemplate-
master/Plots/high_stat/../low_stat/Lep.pdf  used on input line 316.
(luatex.def)             Requested size: 135.51466pt x 105.40152pt.
 [21

</Users/mbk/Documents/LATEX/SummerStudentReportTemplate-master/Plots/high_stat/.
./low_stat/Boost.pdf></Users/mbk/Documents/LATEX/SummerStudentReportTemplate-mas
ter/Plots/high_stat/../low_stat/Mass.pdf></Users/mbk/Documents/LATEX/SummerStude
ntReportTemplate-master/Plots/high_stat/../low_stat/Jet.pdf></Users/mbk/Document
s/LATEX/SummerStudentReportTemplate-master/Plots/high_stat/../low_stat/Lep.pdf>]
</Users/mbk/Documents/LATEX/SummerStudentReportTemplate-master/Plots/high_stat/.
./low_stat/Mass3.pdf, id=1106, 569.12625pt x 537.00626pt>
File: /Users/mbk/Documents/LATEX/SummerStudentReportTemplate-master/Plots/high_s
tat/../low_stat/Mass3.pdf Graphic file (type pdf)
<use /Users/mbk/Documents/LATEX/SummerStudentReportTemplate-master/Plots/high_st
at/../low_stat/Mass3.pdf>
Package luatex.def Info: /Users/mbk/Documents/LATEX/SummerStudentReportTemplate-
master/Plots/high_stat/../low_stat/Mass3.pdf  used on input line 316.
(luatex.def)             Requested size: 172.84776pt x 163.09427pt.
 [22

</Users/mbk/Documents/LATEX/SummerStudentReportTemplate-master/Plots/high_stat/.
./low_stat/Mass3.pdf>]
</Users/mbk/Documents/LATEX/SummerStudentReportTemplate-master/Plots/high_stat/.
./low_stat/Photon.pdf, id=1160, 569.12625pt x 537.00626pt>
File: /Users/mbk/Documents/LATEX/SummerStudentReportTemplate-master/Plots/high_s
tat/../low_stat/Photon.pdf Graphic file (type pdf)
<use /Users/mbk/Documents/LATEX/SummerStudentReportTemplate-master/Plots/high_st
at/../low_stat/Photon.pdf>
Package luatex.def Info: /Users/mbk/Documents/LATEX/SummerStudentReportTemplate-
master/Plots/high_stat/../low_stat/Photon.pdf  used on input line 316.
(luatex.def)             Requested size: 169.3927pt x 159.83304pt.
</Users/mbk/Documents/LATEX/SummerStudentReportTemplate-master/Plots/high_stat/.
./low_stat/Photon_zoom.pdf, id=1161, 569.12625pt x 537.00626pt>
File: /Users/mbk/Documents/LATEX/SummerStudentReportTemplate-master/Plots/high_s
tat/../low_stat/Photon_zoom.pdf Graphic file (type pdf)
<use /Users/mbk/Documents/LATEX/SummerStudentReportTemplate-master/Plots/high_st
at/../low_stat/Photon_zoom.pdf>
Package luatex.def Info: /Users/mbk/Documents/LATEX/SummerStudentReportTemplate-
master/Plots/high_stat/../low_stat/Photon_zoom.pdf  used on input line 316.
(luatex.def)             Requested size: 169.3927pt x 159.83304pt.
 [23

</Users/mbk/Documents/LATEX/SummerStudentReportTemplate-master/Plots/high_stat/.
./low_stat/Photon.pdf></Users/mbk/Documents/LATEX/SummerStudentReportTemplate-ma
ster/Plots/high_stat/../low_stat/Photon_zoom.pdf>]
</Users/mbk/Documents/LATEX/SummerStudentReportTemplate-master/Plots/high_stat/M
ass3_log.pdf, id=1262, 569.12625pt x 442.65375pt>
File: /Users/mbk/Documents/LATEX/SummerStudentReportTemplate-master/Plots/high_s
tat/Mass3_log.pdf Graphic file (type pdf)
<use /Users/mbk/Documents/LATEX/SummerStudentReportTemplate-master/Plots/high_st
at/Mass3_log.pdf>
Package luatex.def Info: /Users/mbk/Documents/LATEX/SummerStudentReportTemplate-
master/Plots/high_stat/Mass3_log.pdf  used on input line 324.
(luatex.def)             Requested size: 169.3927pt x 131.75021pt.
</Users/mbk/Documents/LATEX/SummerStudentReportTemplate-master/Plots/high_stat/M
ass_log.pdf, id=1263, 569.12625pt x 442.65375pt>
File: /Users/mbk/Documents/LATEX/SummerStudentReportTemplate-master/Plots/high_s
tat/Mass_log.pdf Graphic file (type pdf)
<use /Users/mbk/Documents/LATEX/SummerStudentReportTemplate-master/Plots/high_st
at/Mass_log.pdf>
Package luatex.def Info: /Users/mbk/Documents/LATEX/SummerStudentReportTemplate-
master/Plots/high_stat/Mass_log.pdf  used on input line 324.
(luatex.def)             Requested size: 169.3927pt x 131.75021pt.
 [24

</Users/mbk/Documents/LATEX/SummerStudentReportTemplate-master/Plots/high_stat/M
ass3_log.pdf></Users/mbk/Documents/LATEX/SummerStudentReportTemplate-master/Plot
s/high_stat/Mass_log.pdf>]
</Users/mbk/Documents/LATEX/SummerStudentReportTemplate-master/Plots/high_stat/P
_HistFlow3.pdf, id=1363, 569.12625pt x 552.0625pt>
File: /Users/mbk/Documents/LATEX/SummerStudentReportTemplate-master/Plots/high_s
tat/P_HistFlow3.pdf Graphic file (type pdf)
<use /Users/mbk/Documents/LATEX/SummerStudentReportTemplate-master/Plots/high_st
at/P_HistFlow3.pdf>
Package luatex.def Info: /Users/mbk/Documents/LATEX/SummerStudentReportTemplate-
master/Plots/high_stat/P_HistFlow3.pdf  used on input line 366.
(luatex.def)             Requested size: 169.3927pt x 164.31433pt.
</Users/mbk/Documents/LATEX/SummerStudentReportTemplate-master/Plots/high_stat/P
_HistFlow3_All.pdf, id=1364, 569.12625pt x 552.0625pt>
File: /Users/mbk/Documents/LATEX/SummerStudentReportTemplate-master/Plots/high_s
tat/P_HistFlow3_All.pdf Graphic file (type pdf)
<use /Users/mbk/Documents/LATEX/SummerStudentReportTemplate-master/Plots/high_st
at/P_HistFlow3_All.pdf>
Package luatex.def Info: /Users/mbk/Documents/LATEX/SummerStudentReportTemplate-
master/Plots/high_stat/P_HistFlow3_All.pdf  used on input line 366.
(luatex.def)             Requested size: 169.3927pt x 164.31433pt.
LaTeX Font Info:    External font `lmex10' loaded for size
(Font)              <12> on input line 366.
 [25

</Users/mbk/Documents/LATEX/SummerStudentReportTemplate-master/Plots/high_stat/P
_HistFlow3.pdf></Users/mbk/Documents/LATEX/SummerStudentReportTemplate-master/Pl
ots/high_stat/P_HistFlow3_All.pdf>]
</Users/mbk/Documents/LATEX/SummerStudentReportTemplate-master/Plots/high_stat/P
_E_ThetaMin_cos_err.pdf, id=1468, 569.12625pt x 494.84875pt>
File: /Users/mbk/Documents/LATEX/SummerStudentReportTemplate-master/Plots/high_s
tat/P_E_ThetaMin_cos_err.pdf Graphic file (type pdf)
<use /Users/mbk/Documents/LATEX/SummerStudentReportTemplate-master/Plots/high_st
at/P_E_ThetaMin_cos_err.pdf>
Package luatex.def Info: /Users/mbk/Documents/LATEX/SummerStudentReportTemplate-
master/Plots/high_stat/P_E_ThetaMin_cos_err.pdf  used on input line 366.
(luatex.def)             Requested size: 110.62509pt x 96.18176pt.
</Users/mbk/Documents/LATEX/SummerStudentReportTemplate-master/Plots/high_stat/P
_E_ThetaLep_cos_err.pdf, id=1469, 569.12625pt x 494.84875pt>
File: /Users/mbk/Documents/LATEX/SummerStudentReportTemplate-master/Plots/high_s
tat/P_E_ThetaLep_cos_err.pdf Graphic file (type pdf)
<use /Users/mbk/Documents/LATEX/SummerStudentReportTemplate-master/Plots/high_st
at/P_E_ThetaLep_cos_err.pdf>
Package luatex.def Info: /Users/mbk/Documents/LATEX/SummerStudentReportTemplate-
master/Plots/high_stat/P_E_ThetaLep_cos_err.pdf  used on input line 366.
(luatex.def)             Requested size: 110.62509pt x 96.18176pt.
</Users/mbk/Documents/LATEX/SummerStudentReportTemplate-master/Plots/high_stat/P
_E_PhiLep_err.pdf, id=1470, 569.12625pt x 494.84875pt>
File: /Users/mbk/Documents/LATEX/SummerStudentReportTemplate-master/Plots/high_s
tat/P_E_PhiLep_err.pdf Graphic file (type pdf)
<use /Users/mbk/Documents/LATEX/SummerStudentReportTemplate-master/Plots/high_st
at/P_E_PhiLep_err.pdf>
Package luatex.def Info: /Users/mbk/Documents/LATEX/SummerStudentReportTemplate-
master/Plots/high_stat/P_E_PhiLep_err.pdf  used on input line 366.
(luatex.def)             Requested size: 110.62509pt x 96.18176pt.
</Users/mbk/Documents/LATEX/SummerStudentReportTemplate-master/Plots/high_stat/P
_E_ThetaMin_cos_err_Both.pdf, id=1471, 569.12625pt x 494.84875pt>
File: /Users/mbk/Documents/LATEX/SummerStudentReportTemplate-master/Plots/high_s
tat/P_E_ThetaMin_cos_err_Both.pdf Graphic file (type pdf)
<use /Users/mbk/Documents/LATEX/SummerStudentReportTemplate-master/Plots/high_st
at/P_E_ThetaMin_cos_err_Both.pdf>
Package luatex.def Info: /Users/mbk/Documents/LATEX/SummerStudentReportTemplate-
master/Plots/high_stat/P_E_ThetaMin_cos_err_Both.pdf  used on input line 366.
(luatex.def)             Requested size: 110.62509pt x 96.18176pt.
</Users/mbk/Documents/LATEX/SummerStudentReportTemplate-master/Plots/high_stat/P
_E_ThetaLep_cos_err_Both.pdf, id=1472, 569.12625pt x 494.84875pt>
File: /Users/mbk/Documents/LATEX/SummerStudentReportTemplate-master/Plots/high_s
tat/P_E_ThetaLep_cos_err_Both.pdf Graphic file (type pdf)
<use /Users/mbk/Documents/LATEX/SummerStudentReportTemplate-master/Plots/high_st
at/P_E_ThetaLep_cos_err_Both.pdf>
Package luatex.def Info: /Users/mbk/Documents/LATEX/SummerStudentReportTemplate-
master/Plots/high_stat/P_E_ThetaLep_cos_err_Both.pdf  used on input line 366.
(luatex.def)             Requested size: 110.62509pt x 96.18176pt.
</Users/mbk/Documents/LATEX/SummerStudentReportTemplate-master/Plots/high_stat/P
_E_PhiLep_err_Both.pdf, id=1473, 569.12625pt x 494.84875pt>
File: /Users/mbk/Documents/LATEX/SummerStudentReportTemplate-master/Plots/high_s
tat/P_E_PhiLep_err_Both.pdf Graphic file (type pdf)
<use /Users/mbk/Documents/LATEX/SummerStudentReportTemplate-master/Plots/high_st
at/P_E_PhiLep_err_Both.pdf>
Package luatex.def Info: /Users/mbk/Documents/LATEX/SummerStudentReportTemplate-
master/Plots/high_stat/P_E_PhiLep_err_Both.pdf  used on input line 366.
(luatex.def)             Requested size: 110.62509pt x 96.18176pt.
 [26

</Users/mbk/Documents/LATEX/SummerStudentReportTemplate-master/Plots/high_stat/P
_E_ThetaMin_cos_err.pdf></Users/mbk/Documents/LATEX/SummerStudentReportTemplate-
master/Plots/high_stat/P_E_ThetaLep_cos_err.pdf></Users/mbk/Documents/LATEX/Summ
erStudentReportTemplate-master/Plots/high_stat/P_E_PhiLep_err.pdf></Users/mbk/Do
cuments/LATEX/SummerStudentReportTemplate-master/Plots/high_stat/P_E_ThetaMin_co
s_err_Both.pdf></Users/mbk/Documents/LATEX/SummerStudentReportTemplate-master/Pl
ots/high_stat/P_E_ThetaLep_cos_err_Both.pdf></Users/mbk/Documents/LATEX/SummerSt
udentReportTemplate-master/Plots/high_stat/P_E_PhiLep_err_Both.pdf>]
\tf@nav=\write9

\openout9 = 2019_09_02_summer_report.nav
\tf@toc=\write10

\openout10 = 2019_09_02_summer_report.toc
\tf@snm=\write11

\openout11 = 2019_09_02_summer_report.snm
Package atveryend Info: Empty hook `BeforeClearDocument' on input line 370.
Package atveryend Info: Empty hook `AfterLastShipout' on input line 370.
 (./2019_09_02_summer_report.aux)
Package atveryend Info: Executing hook `AtVeryEndDocument' on input line 370.
Package atveryend Info: Executing hook `AtEndAfterFileList' on input line 370.
Package rerunfilecheck Info: File `2019_09_02_summer_report.out' has not changed
.
(rerunfilecheck)             Checksum: D41D8CD98F00B204E9800998ECF8427E;0.
)

Here is how much of LuaTeX's memory you used:
 36245 strings out of 494413
 100000,1144653 words of node,token memory allocated
 3709 words of node memory still in use:
   92 hlist, 17 vlist, 25 rule, 3 disc, 12 local_par, 13 math, 91 glue, 8 kern, 
25 penalty, 37 glyph, 163 attribute, 68 glue_spec, 163 attribute_list, 3 write, 
16 pdf_literal, 38 pdf_colorstack, 6 pdf_setmatrix, 6 pdf_save, 6 pdf_restore no
des
   avail lists: 1:10,2:3902,3:2055,4:146,5:127,6:21,7:3639,8:342,9:700,10:16,11:
119
 38308 multiletter control sequences out of 65536+600000
 69 fonts using 4523119 bytes
 75i,15n,108p,811b,1880s stack positions out of 5000i,500n,10000p,200000b,100000s
{/usr/local/texlive/2018/texmf-dist/fonts/enc/dvips/lm/lm-rm.enc}{/usr/local/tex
live/2018/texmf-dist/fonts/enc/dvips/lm/lm-mathit.enc}{/usr/local/texlive/2018/t
exmf-dist/fonts/enc/dvips/lm/lm-mathex.enc}{/usr/local/texlive/2018/texmf-dist/f
onts/enc/dvips/lm/lm-mathsy.enc}{/usr/local/texlive/2018/texmf-dist/fonts/enc/dv
ips/lm/lm-ec.enc}</usr/local/texlive/2018/texmf-dist/fonts/type1/public/lm/lmex1
0.pfb></usr/local/texlive/2018/texmf-dist/fonts/type1/public/lm/lmmi12.pfb></usr
/local/texlive/2018/texmf-dist/fonts/type1/public/lm/lmmi5.pfb></usr/local/texli
ve/2018/texmf-dist/fonts/type1/public/lm/lmmi6.pfb></usr/local/texlive/2018/texm
f-dist/fonts/type1/public/lm/lmmi7.pfb></usr/local/texlive/2018/texmf-dist/fonts
/type1/public/lm/lmmi8.pfb></usr/local/texlive/2018/texmf-dist/fonts/type1/publi
c/lm/lmmi9.pfb></usr/local/texlive/2018/texmf-dist/fonts/type1/public/lm/lmr12.p
fb></usr/local/texlive/2018/texmf-dist/fonts/type1/public/lm/lmr5.pfb></usr/loca
l/texlive/2018/texmf-dist/fonts/type1/public/lm/lmr6.pfb></usr/local/texlive/201
8/texmf-dist/fonts/type1/public/lm/lmr9.pfb></usr/local/texlive/2018/texmf-dist/
fonts/type1/public/lm/lmss8.pfb></usr/local/texlive/2018/texmf-dist/fonts/type1/
public/lm/lmss9.pfb></usr/local/texlive/2018/texmf-dist/fonts/type1/public/lm/lm
ssbx10.pfb></usr/local/texlive/2018/texmf-dist/fonts/type1/public/lm/lmsy5.pfb><
/usr/local/texlive/2018/texmf-dist/fonts/type1/public/lm/lmsy6.pfb></usr/local/t
exlive/2018/texmf-dist/fonts/type1/public/lm/lmsy9.pfb></usr/local/texlive/2018/
texmf-dist/fonts/type1/public/amsfonts/symbols/msam10.pfb>
Output written on 2019_09_02_summer_report.pdf (26 pages, 1711324 bytes).

PDF statistics: 1825 PDF objects out of 2073 (max. 8388607)
 921 compressed objects within 10 object streams
 53 named destinations out of 1000 (max. 131072)
 176 words of extra memory for PDF output out of 10000 (max. 100000000)

